<?xml version="1.0" encoding="UTF-8"?>
<testsuites name="GenericSTI_DifferentCardType" time="479.655" tests="1" failures="0" errors="0">
   <testsuite name="GenericSTI_DifferentCardType" tests="1" failures="0" errors="0" time="479.655" timestamp="2020-02-06 17:51:17" hostname="admin - SYS8" id="Test Suites/Certpay_TestSuite/GenericSTI_DifferentCardType">
      <properties>
         <property name="deviceName" value=""/>
         <property name="devicePlatform" value=""/>
         <property name="logFolder" value="D:\\CertpayGeneric\\Reports\\20200206_175112\\Certpay_TestSuite\\GenericSTI_DifferentCardType\\20200206_175112"/>
         <property name="logFiles" value="D:\\CertpayGeneric\\Reports\\20200206_175112\\Certpay_TestSuite\\GenericSTI_DifferentCardType\\20200206_175112\\execution0.log"/>
         <property name="attachments" value=""/>
         <property name="hostName" value="admin - SYS8"/>
         <property name="os" value="Windows 10 32bit"/>
         <property name="katalonVersion" value="7.1.2.1"/>
         <property name="browser" value="Chrome 79.0.3945.130"/>
         <property name="hostAddress" value="172.31.252.142"/>
         <property name="sessionId" value="d9dac5a6f9ab6ffc8ac21b640d7740d6"/>
         <property name="seleniumVersion" value="3.141.59"/>
         <property name="proxyInformation" value="ProxyInformation{proxyOption=NO_PROXY, proxyServerType=HTTP, password=, proxyServerAddress=, proxyServerPort=0, executionList=}"/>
         <property name="platform" value="Windows 10"/>
      </properties>
      <testcase name="Test Cases/Certpay_GenericSTI/TC_001_SingleLinePayments" time="478.492" classname="Test Cases/Certpay_GenericSTI/TC_001_SingleLinePayments" status="PASSED">
         <system-out><![CDATA[2020-02-06 17:51:18 - [TEST_CASE][PASSED] - Test Cases/Certpay_GenericSTI/TC_001_SingleLinePayments: Test Cases/Certpay_GenericSTI/TC_001_SingleLinePayments

2020-02-06 17:51:19 - [TEST_STEP][PASSED] - data = findTestData("Data Files/Certpay/CardTypes_SingleLinePayment"): null

2020-02-06 17:51:19 - [TEST_STEP][PASSED] - for (def index : (1..data.getRowNumbers())): GenericSTI_DifferentCardType.ts:Clicked on the Next

2020-02-06 17:51:19 - [TEST_STEP][PASSED] - FirstName = data.getValue("FirstName", index): null

2020-02-06 17:51:19 - [TEST_STEP][PASSED] - LastName = data.getValue("LastName", index): null

2020-02-06 17:51:19 - [TEST_STEP][PASSED] - Amount = data.getValue("Amount", index): null

2020-02-06 17:51:20 - [TEST_STEP][PASSED] - cardNum = data.getValue("CardNumber", index): null

2020-02-06 17:51:20 - [TEST_STEP][PASSED] - expMonth = data.getValue("ExpMonth", index): null

2020-02-06 17:51:20 - [TEST_STEP][PASSED] - expYear = data.getValue("ExpYear", index): null

2020-02-06 17:51:20 - [TEST_STEP][PASSED] - securityCode = data.getValue("SecurityCode", index): null

2020-02-06 17:51:20 - [TEST_STEP][PASSED] - cardType = data.getValue("CardType", index): null

2020-02-06 17:51:20 - [TEST_STEP][PASSED] - Comments = data.getValue("Comments", index): null

2020-02-06 17:51:20 - [TEST_STEP][PASSED] - Address = data.getValue("Address", index): null

2020-02-06 17:51:20 - [TEST_STEP][PASSED] - Telephone = data.getValue("Telephone", index): null

2020-02-06 17:51:20 - [TEST_STEP][PASSED] - Email = data.getValue("EmailAddress", index): null

2020-02-06 17:51:20 - [TEST_STEP][PASSED] - AccountType = data.getValue("AccountType", index): null

2020-02-06 17:51:20 - [TEST_STEP][PASSED] - RoutingNumber = data.getValue("RoutingNumber", index): null

2020-02-06 17:51:20 - [TEST_STEP][PASSED] - AccountNumber = data.getValue("AccountNumber", index): null

2020-02-06 17:51:20 - [TEST_STEP][PASSED] - ConfirmAccountNumber = data.getValue("ConfirmAccountNumber", index): null

2020-02-06 17:51:20 - [TEST_STEP][PASSED] - Signature = data.getValue("Signature", index): null

2020-02-06 17:51:20 - [TEST_STEP][PASSED] - Agreement = data.getValue("Agreement", index): null

2020-02-06 17:51:20 - [TEST_STEP][PASSED] - utilities.SafeActions.openBrowser(Genericsti_url, [pageLoadTime]): Browser launched successfully

2020-02-06 17:51:20 - [MESSAGE][INFO] - Opening Browser

2020-02-06 17:51:20 - [MESSAGE][INFO] - Starting 'Chrome' driver

2020-02-06 17:51:20 - [MESSAGE][INFO] - Action delay is set to 0 seconds

2020-02-06 17:51:30 - [MESSAGE][PASSED] - Browser is opened with url: 'https://qa-certpaygenericsti.faps.net/genericsti/demo/'

2020-02-06 17:51:31 - [MESSAGE][PASSED] - Current window maximized

2020-02-06 17:51:31 - [MESSAGE][PASSED] - Browser launched successfully

2020-02-06 17:51:31 - [TEST_STEP][PASSED] - utilities.SafeActions.safeClick(findTestObject("CERTPAY_GENERICSTI/Demo_Pages/BEGIN_PAYMENT"), "Begin Payment", [pageLoadTime]): GenericSTI_DifferentCardType.ts:Clicked on the Begin Payment

2020-02-06 17:51:31 - [MESSAGE][INFO] - safeClicking

2020-02-06 17:51:32 - [MESSAGE][PASSED] - Object 'Object Repository/CERTPAY_GENERICSTI/Demo_Pages/BEGIN_PAYMENT' is present

2020-02-06 17:51:33 - [MESSAGE][PASSED] - Object 'Object Repository/CERTPAY_GENERICSTI/Demo_Pages/BEGIN_PAYMENT' is clickable

2020-02-06 17:51:35 - [MESSAGE][PASSED] - Object: 'Object Repository/CERTPAY_GENERICSTI/Demo_Pages/BEGIN_PAYMENT' is clicked on

2020-02-06 17:51:35 - [MESSAGE][PASSED] - GenericSTI_DifferentCardType.ts:Clicked on the Begin Payment

2020-02-06 17:51:35 - [TEST_STEP][PASSED] - XMLString = utilities.SafeActions.CreateXML(FirstName, LastName, Amount, Address, Email, Telephone): utilities.SafeActions.CreateXML is PASSED

2020-02-06 17:51:35 - [MESSAGE][INFO] - Create XML

2020-02-06 17:51:35 - [MESSAGE][PASSED] - utilities.SafeActions.CreateXML is PASSED

2020-02-06 17:51:35 - [TEST_STEP][PASSED] - utilities.SafeActions.safeType(findTestObject("CERTPAY_GENERICSTI/XML_Page/XML"), XMLString, "XMLContent", [pageLoadTime]): GenericSTI_DifferentCardType.ts:Entered'&lt;?xml version=&quot;1.0&quot; encoding=&quot;utf-8&quot;?&gt;
&lt;Transaction xmlns:xsi=&quot;http://www.w3.org/2001/XMLSchema-instance&quot; xmlns:xsd=&quot;http://www.w3.org/2001/XMLSchema&quot;&gt;
    &lt;BT_ID&gt;123456789&lt;/BT_ID&gt;
    &lt;Protocol&gt;
        &lt;RTU&gt;https://certifiedpayments.net/&lt;/RTU&gt;
        &lt;RLU&gt;https://certifiedpayments.net/&lt;/RLU&gt;
    &lt;/Protocol&gt;
    &lt;Billing&gt;
        &lt;FN Return=&quot;false&quot;&gt;Susmitha&lt;/FN&gt;
        &lt;MN Return=&quot;false&quot;&gt;K.&lt;/MN&gt;
        &lt;LN Return=&quot;false&quot;&gt;A&lt;/LN&gt;
        &lt;Sufx Return=&quot;false&quot; /&gt;
        &lt;AD1 Return=&quot;false&quot;&gt;1320 SE Benning&lt;/AD1&gt;
        &lt;AD2 Return=&quot;false&quot;&gt;Apt. A&lt;/AD2&gt;
        &lt;CTY Return=&quot;false&quot;&gt;New York&lt;/CTY&gt;
        &lt;ST Return=&quot;false&quot;&gt;NY&lt;/ST&gt;
        &lt;CNTY Return=&quot;false&quot;&gt;US&lt;/CNTY&gt;
        &lt;Phone Return=&quot;false&quot;&gt;555-1234&lt;/Phone&gt;
        &lt;Postal Return=&quot;false&quot;&gt;10018&lt;/Postal&gt;
        &lt;Email Return=&quot;false&quot;&gt;Test@knila.com&lt;/Email&gt;
    &lt;/Billing&gt;
    &lt;Items&gt;
        &lt;CI&gt;
            &lt;Amount Edit=&quot;true&quot;&gt;1.00&lt;/Amount&gt;
            &lt;BC&gt;6100000&lt;/BC&gt;
            &lt;CFS&gt;
                &lt;CF Edit=&quot;false&quot; Return=&quot;false&quot;&gt;
                    &lt;CFN&gt;Order Number&lt;/CFN&gt;
                    &lt;CFV&gt;123456789&lt;/CFV&gt;
                    &lt;VP&gt;\d{9}&lt;/VP&gt;
                &lt;/CF&gt;
                &lt;CF Edit=&quot;false&quot; Return=&quot;false&quot;&gt;
                    &lt;CFN&gt;Description&lt;/CFN&gt;
                    &lt;CFV&gt;Speeding Ticket&lt;/CFV&gt;
                    &lt;VP /&gt;
                &lt;/CF&gt;
            &lt;/CFS&gt;
            &lt;FN&gt;Susmitha&lt;/FN&gt;
            &lt;MN&gt;K.&lt;/MN&gt;
            &lt;LN&gt;A&lt;/LN&gt;
            &lt;Sufx /&gt;
            &lt;AD1&gt;1320 SE Benning&lt;/AD1&gt;
            &lt;AD2&gt;Apt. A&lt;/AD2&gt;
            &lt;CTY&gt;New York&lt;/CTY&gt;
            &lt;ST&gt;NY&lt;/ST&gt;
            &lt;CNTY&gt;US&lt;/CNTY&gt;
            &lt;Phone&gt;555-1234&lt;/Phone&gt;
            &lt;Postal&gt;10018&lt;/Postal&gt;
        &lt;/CI&gt;
      
    &lt;/Items&gt;
&lt;/Transaction&gt; into XMLContent

2020-02-06 17:51:35 - [MESSAGE][PASSED] - Object 'Object Repository/CERTPAY_GENERICSTI/XML_Page/XML' is present

2020-02-06 17:51:35 - [MESSAGE][PASSED] - Object 'Object Repository/CERTPAY_GENERICSTI/XML_Page/XML' is visible

2020-02-06 17:51:36 - [MESSAGE][PASSED] - Object 'Object Repository/CERTPAY_GENERICSTI/XML_Page/XML' is present

2020-02-06 17:51:46 - [MESSAGE][PASSED] - Text '&lt;?xml version=&quot;1.0&quot; encoding=&quot;utf-8&quot;?&gt;
&lt;Transaction xmlns:xsi=&quot;http://www.w3.org/2001/XMLSchema-instance&quot; xmlns:xsd=&quot;http://www.w3.org/2001/XMLSchema&quot;&gt;
    &lt;BT_ID&gt;123456789&lt;/BT_ID&gt;
    &lt;Protocol&gt;
        &lt;RTU&gt;https://certifiedpayments.net/&lt;/RTU&gt;
        &lt;RLU&gt;https://certifiedpayments.net/&lt;/RLU&gt;
    &lt;/Protocol&gt;
    &lt;Billing&gt;
        &lt;FN Return=&quot;false&quot;&gt;Susmitha&lt;/FN&gt;
        &lt;MN Return=&quot;false&quot;&gt;K.&lt;/MN&gt;
        &lt;LN Return=&quot;false&quot;&gt;A&lt;/LN&gt;
        &lt;Sufx Return=&quot;false&quot; /&gt;
        &lt;AD1 Return=&quot;false&quot;&gt;1320 SE Benning&lt;/AD1&gt;
        &lt;AD2 Return=&quot;false&quot;&gt;Apt. A&lt;/AD2&gt;
        &lt;CTY Return=&quot;false&quot;&gt;New York&lt;/CTY&gt;
        &lt;ST Return=&quot;false&quot;&gt;NY&lt;/ST&gt;
        &lt;CNTY Return=&quot;false&quot;&gt;US&lt;/CNTY&gt;
        &lt;Phone Return=&quot;false&quot;&gt;555-1234&lt;/Phone&gt;
        &lt;Postal Return=&quot;false&quot;&gt;10018&lt;/Postal&gt;
        &lt;Email Return=&quot;false&quot;&gt;Test@knila.com&lt;/Email&gt;
    &lt;/Billing&gt;
    &lt;Items&gt;
        &lt;CI&gt;
            &lt;Amount Edit=&quot;true&quot;&gt;1.00&lt;/Amount&gt;
            &lt;BC&gt;6100000&lt;/BC&gt;
            &lt;CFS&gt;
                &lt;CF Edit=&quot;false&quot; Return=&quot;false&quot;&gt;
                    &lt;CFN&gt;Order Number&lt;/CFN&gt;
                    &lt;CFV&gt;123456789&lt;/CFV&gt;
                    &lt;VP&gt;\d{9}&lt;/VP&gt;
                &lt;/CF&gt;
                &lt;CF Edit=&quot;false&quot; Return=&quot;false&quot;&gt;
                    &lt;CFN&gt;Description&lt;/CFN&gt;
                    &lt;CFV&gt;Speeding Ticket&lt;/CFV&gt;
                    &lt;VP /&gt;
                &lt;/CF&gt;
            &lt;/CFS&gt;
            &lt;FN&gt;Susmitha&lt;/FN&gt;
            &lt;MN&gt;K.&lt;/MN&gt;
            &lt;LN&gt;A&lt;/LN&gt;
            &lt;Sufx /&gt;
            &lt;AD1&gt;1320 SE Benning&lt;/AD1&gt;
            &lt;AD2&gt;Apt. A&lt;/AD2&gt;
            &lt;CTY&gt;New York&lt;/CTY&gt;
            &lt;ST&gt;NY&lt;/ST&gt;
            &lt;CNTY&gt;US&lt;/CNTY&gt;
            &lt;Phone&gt;555-1234&lt;/Phone&gt;
            &lt;Postal&gt;10018&lt;/Postal&gt;
        &lt;/CI&gt;
      
    &lt;/Items&gt;
&lt;/Transaction&gt;' is set on object 'Object Repository/CERTPAY_GENERICSTI/XML_Page/XML'

2020-02-06 17:51:46 - [MESSAGE][PASSED] - GenericSTI_DifferentCardType.ts:Entered'&lt;?xml version=&quot;1.0&quot; encoding=&quot;utf-8&quot;?&gt;
&lt;Transaction xmlns:xsi=&quot;http://www.w3.org/2001/XMLSchema-instance&quot; xmlns:xsd=&quot;http://www.w3.org/2001/XMLSchema&quot;&gt;
    &lt;BT_ID&gt;123456789&lt;/BT_ID&gt;
    &lt;Protocol&gt;
        &lt;RTU&gt;https://certifiedpayments.net/&lt;/RTU&gt;
        &lt;RLU&gt;https://certifiedpayments.net/&lt;/RLU&gt;
    &lt;/Protocol&gt;
    &lt;Billing&gt;
        &lt;FN Return=&quot;false&quot;&gt;Susmitha&lt;/FN&gt;
        &lt;MN Return=&quot;false&quot;&gt;K.&lt;/MN&gt;
        &lt;LN Return=&quot;false&quot;&gt;A&lt;/LN&gt;
        &lt;Sufx Return=&quot;false&quot; /&gt;
        &lt;AD1 Return=&quot;false&quot;&gt;1320 SE Benning&lt;/AD1&gt;
        &lt;AD2 Return=&quot;false&quot;&gt;Apt. A&lt;/AD2&gt;
        &lt;CTY Return=&quot;false&quot;&gt;New York&lt;/CTY&gt;
        &lt;ST Return=&quot;false&quot;&gt;NY&lt;/ST&gt;
        &lt;CNTY Return=&quot;false&quot;&gt;US&lt;/CNTY&gt;
        &lt;Phone Return=&quot;false&quot;&gt;555-1234&lt;/Phone&gt;
        &lt;Postal Return=&quot;false&quot;&gt;10018&lt;/Postal&gt;
        &lt;Email Return=&quot;false&quot;&gt;Test@knila.com&lt;/Email&gt;
    &lt;/Billing&gt;
    &lt;Items&gt;
        &lt;CI&gt;
            &lt;Amount Edit=&quot;true&quot;&gt;1.00&lt;/Amount&gt;
            &lt;BC&gt;6100000&lt;/BC&gt;
            &lt;CFS&gt;
                &lt;CF Edit=&quot;false&quot; Return=&quot;false&quot;&gt;
                    &lt;CFN&gt;Order Number&lt;/CFN&gt;
                    &lt;CFV&gt;123456789&lt;/CFV&gt;
                    &lt;VP&gt;\d{9}&lt;/VP&gt;
                &lt;/CF&gt;
                &lt;CF Edit=&quot;false&quot; Return=&quot;false&quot;&gt;
                    &lt;CFN&gt;Description&lt;/CFN&gt;
                    &lt;CFV&gt;Speeding Ticket&lt;/CFV&gt;
                    &lt;VP /&gt;
                &lt;/CF&gt;
            &lt;/CFS&gt;
            &lt;FN&gt;Susmitha&lt;/FN&gt;
            &lt;MN&gt;K.&lt;/MN&gt;
            &lt;LN&gt;A&lt;/LN&gt;
            &lt;Sufx /&gt;
            &lt;AD1&gt;1320 SE Benning&lt;/AD1&gt;
            &lt;AD2&gt;Apt. A&lt;/AD2&gt;
            &lt;CTY&gt;New York&lt;/CTY&gt;
            &lt;ST&gt;NY&lt;/ST&gt;
            &lt;CNTY&gt;US&lt;/CNTY&gt;
            &lt;Phone&gt;555-1234&lt;/Phone&gt;
            &lt;Postal&gt;10018&lt;/Postal&gt;
        &lt;/CI&gt;
      
    &lt;/Items&gt;
&lt;/Transaction&gt; into XMLContent

2020-02-06 17:51:46 - [TEST_STEP][PASSED] - utilities.SafeActions.safeClick(findTestObject("CERTPAY_GENERICSTI/XML_Page/SUBMIT"), "Submit XML", [pageLoadTime]): GenericSTI_DifferentCardType.ts:Clicked on the Submit XML

2020-02-06 17:51:46 - [MESSAGE][INFO] - safeClicking

2020-02-06 17:51:46 - [MESSAGE][PASSED] - Object 'Object Repository/CERTPAY_GENERICSTI/XML_Page/SUBMIT' is present

2020-02-06 17:51:46 - [MESSAGE][PASSED] - Object 'Object Repository/CERTPAY_GENERICSTI/XML_Page/SUBMIT' is clickable

2020-02-06 17:51:53 - [MESSAGE][PASSED] - Object: 'Object Repository/CERTPAY_GENERICSTI/XML_Page/SUBMIT' is clicked on

2020-02-06 17:51:53 - [MESSAGE][PASSED] - GenericSTI_DifferentCardType.ts:Clicked on the Submit XML

2020-02-06 17:51:53 - [TEST_STEP][PASSED] - if (cardType == "Visa"): GenericSTI_DifferentCardType.ts:Clicked on the VISA Card

2020-02-06 17:51:53 - [TEST_STEP][PASSED] - utilities.SafeActions.safeClick(findTestObject("CERTPAY_GENERICSTI/Payment_Information_Page/VISA"), "VISA Card", [pageLoadTime]): GenericSTI_DifferentCardType.ts:Clicked on the VISA Card

2020-02-06 17:51:53 - [MESSAGE][INFO] - safeClicking

2020-02-06 17:51:54 - [MESSAGE][PASSED] - Object 'Object Repository/CERTPAY_GENERICSTI/Payment_Information_Page/VISA' is present

2020-02-06 17:51:54 - [MESSAGE][PASSED] - Object 'Object Repository/CERTPAY_GENERICSTI/Payment_Information_Page/VISA' is clickable

2020-02-06 17:51:59 - [MESSAGE][PASSED] - Object: 'Object Repository/CERTPAY_GENERICSTI/Payment_Information_Page/VISA' is clicked on

2020-02-06 17:51:59 - [MESSAGE][PASSED] - GenericSTI_DifferentCardType.ts:Clicked on the VISA Card

2020-02-06 17:51:59 - [TEST_STEP][PASSED] - utilities.SafeActions.safeType(findTestObject("CERTPAY_GENERICSTI/Payment_Information_Page/COMMENTS"), "Testing", "Comments", [pageLoadTime]): GenericSTI_DifferentCardType.ts:Entered'Testing into Comments

2020-02-06 17:52:00 - [MESSAGE][PASSED] - Object 'Object Repository/CERTPAY_GENERICSTI/Payment_Information_Page/COMMENTS' is present

2020-02-06 17:52:00 - [MESSAGE][PASSED] - Object 'Object Repository/CERTPAY_GENERICSTI/Payment_Information_Page/COMMENTS' is visible

2020-02-06 17:52:00 - [MESSAGE][PASSED] - Object 'Object Repository/CERTPAY_GENERICSTI/Payment_Information_Page/COMMENTS' is present

2020-02-06 17:52:01 - [MESSAGE][PASSED] - Text 'Testing' is set on object 'Object Repository/CERTPAY_GENERICSTI/Payment_Information_Page/COMMENTS'

2020-02-06 17:52:01 - [MESSAGE][PASSED] - GenericSTI_DifferentCardType.ts:Entered'Testing into Comments

2020-02-06 17:52:01 - [TEST_STEP][PASSED] - if (cardType == "Echeck"): null

2020-02-06 17:52:01 - [TEST_STEP][PASSED] - else: GenericSTI_DifferentCardType.ts:Clicked on the Next

2020-02-06 17:52:01 - [TEST_STEP][PASSED] - CardNumber = pages.Genericsti.setUserPaymentDetails(cardNum): GenericSTI_DifferentCardType.ts:Entered'4111111111111111 into CardNum

2020-02-06 17:52:02 - [MESSAGE][PASSED] - Object 'Object Repository/CERTPAY_GENERICSTI/Payment_Information_Page/CARD_NUMBER' is present

2020-02-06 17:52:02 - [MESSAGE][PASSED] - Object 'Object Repository/CERTPAY_GENERICSTI/Payment_Information_Page/CARD_NUMBER' is visible

2020-02-06 17:52:02 - [MESSAGE][PASSED] - Object 'Object Repository/CERTPAY_GENERICSTI/Payment_Information_Page/CARD_NUMBER' is present

2020-02-06 17:52:04 - [MESSAGE][PASSED] - Text '4111111111111111' is set on object 'Object Repository/CERTPAY_GENERICSTI/Payment_Information_Page/CARD_NUMBER'

2020-02-06 17:52:04 - [MESSAGE][PASSED] - GenericSTI_DifferentCardType.ts:Entered'4111111111111111 into CardNum

2020-02-06 17:52:04 - [TEST_STEP][PASSED] - pages.Genericsti.setExpDate(expMonth, expYear, securityCode): GenericSTI_DifferentCardType.ts:Entered'207 into securityCode

2020-02-06 17:52:04 - [MESSAGE][PASSED] - Object 'Object Repository/CERTPAY_GENERICSTI/Payment_Information_Page/EXP_MONTH' is visible

2020-02-06 17:52:05 - [MESSAGE][PASSED] - Object 'Object Repository/CERTPAY_GENERICSTI/Payment_Information_Page/EXP_MONTH' is present

2020-02-06 17:52:06 - [MESSAGE][PASSED] - Object: 'Object Repository/CERTPAY_GENERICSTI/Payment_Information_Page/EXP_MONTH' is clicked on

2020-02-06 17:52:07 - [MESSAGE][PASSED] - All options with label '3' are selected in object 'Object Repository/CERTPAY_GENERICSTI/Payment_Information_Page/EXP_MONTH'  using regular expression

2020-02-06 17:52:07 - [MESSAGE][PASSED] - selected dropdown option by visible text  3from expMonth

2020-02-06 17:52:08 - [MESSAGE][PASSED] - Object 'Object Repository/CERTPAY_GENERICSTI/Payment_Information_Page/EXP_YEAR' is visible

2020-02-06 17:52:08 - [MESSAGE][PASSED] - Object 'Object Repository/CERTPAY_GENERICSTI/Payment_Information_Page/EXP_YEAR' is present

2020-02-06 17:52:09 - [MESSAGE][PASSED] - Object: 'Object Repository/CERTPAY_GENERICSTI/Payment_Information_Page/EXP_YEAR' is clicked on

2020-02-06 17:52:11 - [MESSAGE][PASSED] - All options with label '2022' are selected in object 'Object Repository/CERTPAY_GENERICSTI/Payment_Information_Page/EXP_YEAR'  using regular expression

2020-02-06 17:52:11 - [MESSAGE][PASSED] - selected dropdown option by visible text  2022from  expYear

2020-02-06 17:52:11 - [MESSAGE][PASSED] - Object 'Object Repository/CERTPAY_GENERICSTI/Payment_Information_Page/SECURITY_CODE' is present

2020-02-06 17:52:11 - [MESSAGE][PASSED] - Object 'Object Repository/CERTPAY_GENERICSTI/Payment_Information_Page/SECURITY_CODE' is visible

2020-02-06 17:52:12 - [MESSAGE][PASSED] - Object 'Object Repository/CERTPAY_GENERICSTI/Payment_Information_Page/SECURITY_CODE' is present

2020-02-06 17:52:13 - [MESSAGE][PASSED] - Text '207' is set on object 'Object Repository/CERTPAY_GENERICSTI/Payment_Information_Page/SECURITY_CODE'

2020-02-06 17:52:13 - [MESSAGE][PASSED] - GenericSTI_DifferentCardType.ts:Entered'207 into securityCode

2020-02-06 17:52:13 - [TEST_STEP][PASSED] - utilities.SafeActions.safeClick(findTestObject("CERTPAY_GENERICSTI/Payment_Information_Page/NEXT"), "Next", [pageLoadTime]): GenericSTI_DifferentCardType.ts:Clicked on the Next

2020-02-06 17:52:13 - [MESSAGE][INFO] - safeClicking

2020-02-06 17:52:13 - [MESSAGE][PASSED] - Object 'Object Repository/CERTPAY_GENERICSTI/Payment_Information_Page/NEXT' is present

2020-02-06 17:52:14 - [MESSAGE][PASSED] - Object 'Object Repository/CERTPAY_GENERICSTI/Payment_Information_Page/NEXT' is clickable

2020-02-06 17:52:18 - [MESSAGE][PASSED] - Object: 'Object Repository/CERTPAY_GENERICSTI/Payment_Information_Page/NEXT' is clicked on

2020-02-06 17:52:18 - [MESSAGE][PASSED] - GenericSTI_DifferentCardType.ts:Clicked on the Next

2020-02-06 17:52:18 - [TEST_STEP][PASSED] - utilities.SafeActions.safeClick(findTestObject("CERTPAY_GENERICSTI/Review_Payment_Page/PROCESS_PAYMENT"), "Process payment", [pageLoadTime]): GenericSTI_DifferentCardType.ts:Clicked on the Process payment

2020-02-06 17:52:18 - [MESSAGE][INFO] - safeClicking

2020-02-06 17:52:19 - [MESSAGE][PASSED] - Object 'Object Repository/CERTPAY_GENERICSTI/Review_Payment_Page/PROCESS_PAYMENT' is present

2020-02-06 17:52:19 - [MESSAGE][PASSED] - Object 'Object Repository/CERTPAY_GENERICSTI/Review_Payment_Page/PROCESS_PAYMENT' is clickable

2020-02-06 17:52:21 - [MESSAGE][PASSED] - Object: 'Object Repository/CERTPAY_GENERICSTI/Review_Payment_Page/PROCESS_PAYMENT' is clicked on

2020-02-06 17:52:21 - [MESSAGE][PASSED] - GenericSTI_DifferentCardType.ts:Clicked on the Process payment

2020-02-06 17:52:21 - [TEST_STEP][PASSED] - utilities.SafeActions.safeClick(findTestObject("CERTPAY_GENERICSTI/Confirm_Payment_Page/CONFIRM_YES"), "Confirm Yes", [pageLoadTime]): GenericSTI_DifferentCardType.ts:Clicked on the Confirm Yes

2020-02-06 17:52:21 - [MESSAGE][INFO] - safeClicking

2020-02-06 17:52:21 - [MESSAGE][PASSED] - Object 'Object Repository/CERTPAY_GENERICSTI/Confirm_Payment_Page/CONFIRM_YES' is present

2020-02-06 17:52:22 - [MESSAGE][PASSED] - Object 'Object Repository/CERTPAY_GENERICSTI/Confirm_Payment_Page/CONFIRM_YES' is clickable

2020-02-06 17:52:32 - [MESSAGE][PASSED] - Object: 'Object Repository/CERTPAY_GENERICSTI/Confirm_Payment_Page/CONFIRM_YES' is clicked on

2020-02-06 17:52:32 - [MESSAGE][PASSED] - GenericSTI_DifferentCardType.ts:Clicked on the Confirm Yes

2020-02-06 17:52:32 - [TEST_STEP][PASSED] - utilities.SafeActions.safeClick(findTestObject("CERTPAY_GENERICSTI/Payment_Details_Verification_Page/NEXT"), "Next", [pageLoadTime]): GenericSTI_DifferentCardType.ts:Clicked on the Next

2020-02-06 17:52:32 - [MESSAGE][INFO] - safeClicking

2020-02-06 17:52:34 - [MESSAGE][PASSED] - Object 'Object Repository/CERTPAY_GENERICSTI/Payment_Details_Verification_Page/NEXT' is present

2020-02-06 17:52:35 - [MESSAGE][PASSED] - Object 'Object Repository/CERTPAY_GENERICSTI/Payment_Details_Verification_Page/NEXT' is clickable

2020-02-06 17:52:41 - [MESSAGE][PASSED] - Object: 'Object Repository/CERTPAY_GENERICSTI/Payment_Details_Verification_Page/NEXT' is clicked on

2020-02-06 17:52:41 - [MESSAGE][PASSED] - GenericSTI_DifferentCardType.ts:Clicked on the Next

2020-02-06 17:52:41 - [TEST_STEP][PASSED] - FirstName = data.getValue("FirstName", index): null

2020-02-06 17:52:41 - [TEST_STEP][PASSED] - LastName = data.getValue("LastName", index): null

2020-02-06 17:52:41 - [TEST_STEP][PASSED] - Amount = data.getValue("Amount", index): null

2020-02-06 17:52:41 - [TEST_STEP][PASSED] - cardNum = data.getValue("CardNumber", index): null

2020-02-06 17:52:41 - [TEST_STEP][PASSED] - expMonth = data.getValue("ExpMonth", index): null

2020-02-06 17:52:41 - [TEST_STEP][PASSED] - expYear = data.getValue("ExpYear", index): null

2020-02-06 17:52:41 - [TEST_STEP][PASSED] - securityCode = data.getValue("SecurityCode", index): null

2020-02-06 17:52:41 - [TEST_STEP][PASSED] - cardType = data.getValue("CardType", index): null

2020-02-06 17:52:41 - [TEST_STEP][PASSED] - Comments = data.getValue("Comments", index): null

2020-02-06 17:52:41 - [TEST_STEP][PASSED] - Address = data.getValue("Address", index): null

2020-02-06 17:52:41 - [TEST_STEP][PASSED] - Telephone = data.getValue("Telephone", index): null

2020-02-06 17:52:41 - [TEST_STEP][PASSED] - Email = data.getValue("EmailAddress", index): null

2020-02-06 17:52:41 - [TEST_STEP][PASSED] - AccountType = data.getValue("AccountType", index): null

2020-02-06 17:52:41 - [TEST_STEP][PASSED] - RoutingNumber = data.getValue("RoutingNumber", index): null

2020-02-06 17:52:41 - [TEST_STEP][PASSED] - AccountNumber = data.getValue("AccountNumber", index): null

2020-02-06 17:52:41 - [TEST_STEP][PASSED] - ConfirmAccountNumber = data.getValue("ConfirmAccountNumber", index): null

2020-02-06 17:52:41 - [TEST_STEP][PASSED] - Signature = data.getValue("Signature", index): null

2020-02-06 17:52:41 - [TEST_STEP][PASSED] - Agreement = data.getValue("Agreement", index): null

2020-02-06 17:52:41 - [TEST_STEP][PASSED] - utilities.SafeActions.openBrowser(Genericsti_url, [pageLoadTime]): Browser launched successfully

2020-02-06 17:52:41 - [MESSAGE][INFO] - Opening Browser

2020-02-06 17:52:41 - [MESSAGE][WARNING] - A browser is already opened. Closing browser and opening a new one

2020-02-06 17:52:42 - [MESSAGE][INFO] - Starting 'Chrome' driver

2020-02-06 17:52:48 - [MESSAGE][PASSED] - Browser is opened with url: 'https://qa-certpaygenericsti.faps.net/genericsti/demo/'

2020-02-06 17:52:49 - [MESSAGE][PASSED] - Current window maximized

2020-02-06 17:52:49 - [MESSAGE][PASSED] - Browser launched successfully

2020-02-06 17:52:49 - [TEST_STEP][PASSED] - utilities.SafeActions.safeClick(findTestObject("CERTPAY_GENERICSTI/Demo_Pages/BEGIN_PAYMENT"), "Begin Payment", [pageLoadTime]): GenericSTI_DifferentCardType.ts:Clicked on the Begin Payment

2020-02-06 17:52:49 - [MESSAGE][INFO] - safeClicking

2020-02-06 17:52:49 - [MESSAGE][PASSED] - Object 'Object Repository/CERTPAY_GENERICSTI/Demo_Pages/BEGIN_PAYMENT' is present

2020-02-06 17:52:50 - [MESSAGE][PASSED] - Object 'Object Repository/CERTPAY_GENERICSTI/Demo_Pages/BEGIN_PAYMENT' is clickable

2020-02-06 17:52:51 - [MESSAGE][PASSED] - Object: 'Object Repository/CERTPAY_GENERICSTI/Demo_Pages/BEGIN_PAYMENT' is clicked on

2020-02-06 17:52:51 - [MESSAGE][PASSED] - GenericSTI_DifferentCardType.ts:Clicked on the Begin Payment

2020-02-06 17:52:51 - [TEST_STEP][PASSED] - XMLString = utilities.SafeActions.CreateXML(FirstName, LastName, Amount, Address, Email, Telephone): utilities.SafeActions.CreateXML is PASSED

2020-02-06 17:52:51 - [MESSAGE][INFO] - Create XML

2020-02-06 17:52:51 - [MESSAGE][PASSED] - utilities.SafeActions.CreateXML is PASSED

2020-02-06 17:52:51 - [TEST_STEP][PASSED] - utilities.SafeActions.safeType(findTestObject("CERTPAY_GENERICSTI/XML_Page/XML"), XMLString, "XMLContent", [pageLoadTime]): GenericSTI_DifferentCardType.ts:Entered'&lt;?xml version=&quot;1.0&quot; encoding=&quot;utf-8&quot;?&gt;
&lt;Transaction xmlns:xsi=&quot;http://www.w3.org/2001/XMLSchema-instance&quot; xmlns:xsd=&quot;http://www.w3.org/2001/XMLSchema&quot;&gt;
    &lt;BT_ID&gt;123456789&lt;/BT_ID&gt;
    &lt;Protocol&gt;
        &lt;RTU&gt;https://certifiedpayments.net/&lt;/RTU&gt;
        &lt;RLU&gt;https://certifiedpayments.net/&lt;/RLU&gt;
    &lt;/Protocol&gt;
    &lt;Billing&gt;
        &lt;FN Return=&quot;false&quot;&gt;Valarmathi&lt;/FN&gt;
        &lt;MN Return=&quot;false&quot;&gt;K.&lt;/MN&gt;
        &lt;LN Return=&quot;false&quot;&gt;V&lt;/LN&gt;
        &lt;Sufx Return=&quot;false&quot; /&gt;
        &lt;AD1 Return=&quot;false&quot;&gt;1320 SE Benning&lt;/AD1&gt;
        &lt;AD2 Return=&quot;false&quot;&gt;Apt. A&lt;/AD2&gt;
        &lt;CTY Return=&quot;false&quot;&gt;New York&lt;/CTY&gt;
        &lt;ST Return=&quot;false&quot;&gt;NY&lt;/ST&gt;
        &lt;CNTY Return=&quot;false&quot;&gt;US&lt;/CNTY&gt;
        &lt;Phone Return=&quot;false&quot;&gt;555-1234&lt;/Phone&gt;
        &lt;Postal Return=&quot;false&quot;&gt;10018&lt;/Postal&gt;
        &lt;Email Return=&quot;false&quot;&gt;Test@knila.com&lt;/Email&gt;
    &lt;/Billing&gt;
    &lt;Items&gt;
        &lt;CI&gt;
            &lt;Amount Edit=&quot;true&quot;&gt;2.00&lt;/Amount&gt;
            &lt;BC&gt;6100000&lt;/BC&gt;
            &lt;CFS&gt;
                &lt;CF Edit=&quot;false&quot; Return=&quot;false&quot;&gt;
                    &lt;CFN&gt;Order Number&lt;/CFN&gt;
                    &lt;CFV&gt;123456789&lt;/CFV&gt;
                    &lt;VP&gt;\d{9}&lt;/VP&gt;
                &lt;/CF&gt;
                &lt;CF Edit=&quot;false&quot; Return=&quot;false&quot;&gt;
                    &lt;CFN&gt;Description&lt;/CFN&gt;
                    &lt;CFV&gt;Speeding Ticket&lt;/CFV&gt;
                    &lt;VP /&gt;
                &lt;/CF&gt;
            &lt;/CFS&gt;
            &lt;FN&gt;Valarmathi&lt;/FN&gt;
            &lt;MN&gt;K.&lt;/MN&gt;
            &lt;LN&gt;V&lt;/LN&gt;
            &lt;Sufx /&gt;
            &lt;AD1&gt;1320 SE Benning&lt;/AD1&gt;
            &lt;AD2&gt;Apt. A&lt;/AD2&gt;
            &lt;CTY&gt;New York&lt;/CTY&gt;
            &lt;ST&gt;NY&lt;/ST&gt;
            &lt;CNTY&gt;US&lt;/CNTY&gt;
            &lt;Phone&gt;555-1234&lt;/Phone&gt;
            &lt;Postal&gt;10018&lt;/Postal&gt;
        &lt;/CI&gt;
      
    &lt;/Items&gt;
&lt;/Transaction&gt; into XMLContent

2020-02-06 17:52:52 - [MESSAGE][PASSED] - Object 'Object Repository/CERTPAY_GENERICSTI/XML_Page/XML' is present

2020-02-06 17:52:52 - [MESSAGE][PASSED] - Object 'Object Repository/CERTPAY_GENERICSTI/XML_Page/XML' is visible

2020-02-06 17:52:52 - [MESSAGE][PASSED] - Object 'Object Repository/CERTPAY_GENERICSTI/XML_Page/XML' is present

2020-02-06 17:53:03 - [MESSAGE][PASSED] - Text '&lt;?xml version=&quot;1.0&quot; encoding=&quot;utf-8&quot;?&gt;
&lt;Transaction xmlns:xsi=&quot;http://www.w3.org/2001/XMLSchema-instance&quot; xmlns:xsd=&quot;http://www.w3.org/2001/XMLSchema&quot;&gt;
    &lt;BT_ID&gt;123456789&lt;/BT_ID&gt;
    &lt;Protocol&gt;
        &lt;RTU&gt;https://certifiedpayments.net/&lt;/RTU&gt;
        &lt;RLU&gt;https://certifiedpayments.net/&lt;/RLU&gt;
    &lt;/Protocol&gt;
    &lt;Billing&gt;
        &lt;FN Return=&quot;false&quot;&gt;Valarmathi&lt;/FN&gt;
        &lt;MN Return=&quot;false&quot;&gt;K.&lt;/MN&gt;
        &lt;LN Return=&quot;false&quot;&gt;V&lt;/LN&gt;
        &lt;Sufx Return=&quot;false&quot; /&gt;
        &lt;AD1 Return=&quot;false&quot;&gt;1320 SE Benning&lt;/AD1&gt;
        &lt;AD2 Return=&quot;false&quot;&gt;Apt. A&lt;/AD2&gt;
        &lt;CTY Return=&quot;false&quot;&gt;New York&lt;/CTY&gt;
        &lt;ST Return=&quot;false&quot;&gt;NY&lt;/ST&gt;
        &lt;CNTY Return=&quot;false&quot;&gt;US&lt;/CNTY&gt;
        &lt;Phone Return=&quot;false&quot;&gt;555-1234&lt;/Phone&gt;
        &lt;Postal Return=&quot;false&quot;&gt;10018&lt;/Postal&gt;
        &lt;Email Return=&quot;false&quot;&gt;Test@knila.com&lt;/Email&gt;
    &lt;/Billing&gt;
    &lt;Items&gt;
        &lt;CI&gt;
            &lt;Amount Edit=&quot;true&quot;&gt;2.00&lt;/Amount&gt;
            &lt;BC&gt;6100000&lt;/BC&gt;
            &lt;CFS&gt;
                &lt;CF Edit=&quot;false&quot; Return=&quot;false&quot;&gt;
                    &lt;CFN&gt;Order Number&lt;/CFN&gt;
                    &lt;CFV&gt;123456789&lt;/CFV&gt;
                    &lt;VP&gt;\d{9}&lt;/VP&gt;
                &lt;/CF&gt;
                &lt;CF Edit=&quot;false&quot; Return=&quot;false&quot;&gt;
                    &lt;CFN&gt;Description&lt;/CFN&gt;
                    &lt;CFV&gt;Speeding Ticket&lt;/CFV&gt;
                    &lt;VP /&gt;
                &lt;/CF&gt;
            &lt;/CFS&gt;
            &lt;FN&gt;Valarmathi&lt;/FN&gt;
            &lt;MN&gt;K.&lt;/MN&gt;
            &lt;LN&gt;V&lt;/LN&gt;
            &lt;Sufx /&gt;
            &lt;AD1&gt;1320 SE Benning&lt;/AD1&gt;
            &lt;AD2&gt;Apt. A&lt;/AD2&gt;
            &lt;CTY&gt;New York&lt;/CTY&gt;
            &lt;ST&gt;NY&lt;/ST&gt;
            &lt;CNTY&gt;US&lt;/CNTY&gt;
            &lt;Phone&gt;555-1234&lt;/Phone&gt;
            &lt;Postal&gt;10018&lt;/Postal&gt;
        &lt;/CI&gt;
      
    &lt;/Items&gt;
&lt;/Transaction&gt;' is set on object 'Object Repository/CERTPAY_GENERICSTI/XML_Page/XML'

2020-02-06 17:53:03 - [MESSAGE][PASSED] - GenericSTI_DifferentCardType.ts:Entered'&lt;?xml version=&quot;1.0&quot; encoding=&quot;utf-8&quot;?&gt;
&lt;Transaction xmlns:xsi=&quot;http://www.w3.org/2001/XMLSchema-instance&quot; xmlns:xsd=&quot;http://www.w3.org/2001/XMLSchema&quot;&gt;
    &lt;BT_ID&gt;123456789&lt;/BT_ID&gt;
    &lt;Protocol&gt;
        &lt;RTU&gt;https://certifiedpayments.net/&lt;/RTU&gt;
        &lt;RLU&gt;https://certifiedpayments.net/&lt;/RLU&gt;
    &lt;/Protocol&gt;
    &lt;Billing&gt;
        &lt;FN Return=&quot;false&quot;&gt;Valarmathi&lt;/FN&gt;
        &lt;MN Return=&quot;false&quot;&gt;K.&lt;/MN&gt;
        &lt;LN Return=&quot;false&quot;&gt;V&lt;/LN&gt;
        &lt;Sufx Return=&quot;false&quot; /&gt;
        &lt;AD1 Return=&quot;false&quot;&gt;1320 SE Benning&lt;/AD1&gt;
        &lt;AD2 Return=&quot;false&quot;&gt;Apt. A&lt;/AD2&gt;
        &lt;CTY Return=&quot;false&quot;&gt;New York&lt;/CTY&gt;
        &lt;ST Return=&quot;false&quot;&gt;NY&lt;/ST&gt;
        &lt;CNTY Return=&quot;false&quot;&gt;US&lt;/CNTY&gt;
        &lt;Phone Return=&quot;false&quot;&gt;555-1234&lt;/Phone&gt;
        &lt;Postal Return=&quot;false&quot;&gt;10018&lt;/Postal&gt;
        &lt;Email Return=&quot;false&quot;&gt;Test@knila.com&lt;/Email&gt;
    &lt;/Billing&gt;
    &lt;Items&gt;
        &lt;CI&gt;
            &lt;Amount Edit=&quot;true&quot;&gt;2.00&lt;/Amount&gt;
            &lt;BC&gt;6100000&lt;/BC&gt;
            &lt;CFS&gt;
                &lt;CF Edit=&quot;false&quot; Return=&quot;false&quot;&gt;
                    &lt;CFN&gt;Order Number&lt;/CFN&gt;
                    &lt;CFV&gt;123456789&lt;/CFV&gt;
                    &lt;VP&gt;\d{9}&lt;/VP&gt;
                &lt;/CF&gt;
                &lt;CF Edit=&quot;false&quot; Return=&quot;false&quot;&gt;
                    &lt;CFN&gt;Description&lt;/CFN&gt;
                    &lt;CFV&gt;Speeding Ticket&lt;/CFV&gt;
                    &lt;VP /&gt;
                &lt;/CF&gt;
            &lt;/CFS&gt;
            &lt;FN&gt;Valarmathi&lt;/FN&gt;
            &lt;MN&gt;K.&lt;/MN&gt;
            &lt;LN&gt;V&lt;/LN&gt;
            &lt;Sufx /&gt;
            &lt;AD1&gt;1320 SE Benning&lt;/AD1&gt;
            &lt;AD2&gt;Apt. A&lt;/AD2&gt;
            &lt;CTY&gt;New York&lt;/CTY&gt;
            &lt;ST&gt;NY&lt;/ST&gt;
            &lt;CNTY&gt;US&lt;/CNTY&gt;
            &lt;Phone&gt;555-1234&lt;/Phone&gt;
            &lt;Postal&gt;10018&lt;/Postal&gt;
        &lt;/CI&gt;
      
    &lt;/Items&gt;
&lt;/Transaction&gt; into XMLContent

2020-02-06 17:53:03 - [TEST_STEP][PASSED] - utilities.SafeActions.safeClick(findTestObject("CERTPAY_GENERICSTI/XML_Page/SUBMIT"), "Submit XML", [pageLoadTime]): GenericSTI_DifferentCardType.ts:Clicked on the Submit XML

2020-02-06 17:53:03 - [MESSAGE][INFO] - safeClicking

2020-02-06 17:53:03 - [MESSAGE][PASSED] - Object 'Object Repository/CERTPAY_GENERICSTI/XML_Page/SUBMIT' is present

2020-02-06 17:53:03 - [MESSAGE][PASSED] - Object 'Object Repository/CERTPAY_GENERICSTI/XML_Page/SUBMIT' is clickable

2020-02-06 17:53:09 - [MESSAGE][PASSED] - Object: 'Object Repository/CERTPAY_GENERICSTI/XML_Page/SUBMIT' is clicked on

2020-02-06 17:53:09 - [MESSAGE][PASSED] - GenericSTI_DifferentCardType.ts:Clicked on the Submit XML

2020-02-06 17:53:09 - [TEST_STEP][PASSED] - if (cardType == "Visa"): null

2020-02-06 17:53:09 - [TEST_STEP][PASSED] - else if (cardType == "MasterCard"): GenericSTI_DifferentCardType.ts:Clicked on the Master Card

2020-02-06 17:53:09 - [TEST_STEP][PASSED] - utilities.SafeActions.safeClick(findTestObject("CERTPAY_GENERICSTI/Payment_Information_Page/MASTER_CARD"), "Master Card", [pageLoadTime]): GenericSTI_DifferentCardType.ts:Clicked on the Master Card

2020-02-06 17:53:09 - [MESSAGE][INFO] - safeClicking

2020-02-06 17:53:11 - [MESSAGE][PASSED] - Object 'Object Repository/CERTPAY_GENERICSTI/Payment_Information_Page/MASTER_CARD' is present

2020-02-06 17:53:11 - [MESSAGE][PASSED] - Object 'Object Repository/CERTPAY_GENERICSTI/Payment_Information_Page/MASTER_CARD' is clickable

2020-02-06 17:53:19 - [MESSAGE][PASSED] - Object: 'Object Repository/CERTPAY_GENERICSTI/Payment_Information_Page/MASTER_CARD' is clicked on

2020-02-06 17:53:19 - [MESSAGE][PASSED] - GenericSTI_DifferentCardType.ts:Clicked on the Master Card

2020-02-06 17:53:19 - [TEST_STEP][PASSED] - utilities.SafeActions.safeType(findTestObject("CERTPAY_GENERICSTI/Payment_Information_Page/COMMENTS"), "Testing", "Comments", [pageLoadTime]): GenericSTI_DifferentCardType.ts:Entered'Testing into Comments

2020-02-06 17:53:20 - [MESSAGE][PASSED] - Object 'Object Repository/CERTPAY_GENERICSTI/Payment_Information_Page/COMMENTS' is present

2020-02-06 17:53:20 - [MESSAGE][PASSED] - Object 'Object Repository/CERTPAY_GENERICSTI/Payment_Information_Page/COMMENTS' is visible

2020-02-06 17:53:20 - [MESSAGE][PASSED] - Object 'Object Repository/CERTPAY_GENERICSTI/Payment_Information_Page/COMMENTS' is present

2020-02-06 17:53:22 - [MESSAGE][PASSED] - Text 'Testing' is set on object 'Object Repository/CERTPAY_GENERICSTI/Payment_Information_Page/COMMENTS'

2020-02-06 17:53:22 - [MESSAGE][PASSED] - GenericSTI_DifferentCardType.ts:Entered'Testing into Comments

2020-02-06 17:53:22 - [TEST_STEP][PASSED] - if (cardType == "Echeck"): null

2020-02-06 17:53:22 - [TEST_STEP][PASSED] - else: GenericSTI_DifferentCardType.ts:Clicked on the Next

2020-02-06 17:53:22 - [TEST_STEP][PASSED] - CardNumber = pages.Genericsti.setUserPaymentDetails(cardNum): GenericSTI_DifferentCardType.ts:Entered'5105105105105100 into CardNum

2020-02-06 17:53:22 - [MESSAGE][PASSED] - Object 'Object Repository/CERTPAY_GENERICSTI/Payment_Information_Page/CARD_NUMBER' is present

2020-02-06 17:53:22 - [MESSAGE][PASSED] - Object 'Object Repository/CERTPAY_GENERICSTI/Payment_Information_Page/CARD_NUMBER' is visible

2020-02-06 17:53:23 - [MESSAGE][PASSED] - Object 'Object Repository/CERTPAY_GENERICSTI/Payment_Information_Page/CARD_NUMBER' is present

2020-02-06 17:53:24 - [MESSAGE][PASSED] - Text '5105105105105100' is set on object 'Object Repository/CERTPAY_GENERICSTI/Payment_Information_Page/CARD_NUMBER'

2020-02-06 17:53:24 - [MESSAGE][PASSED] - GenericSTI_DifferentCardType.ts:Entered'5105105105105100 into CardNum

2020-02-06 17:53:24 - [TEST_STEP][PASSED] - pages.Genericsti.setExpDate(expMonth, expYear, securityCode): GenericSTI_DifferentCardType.ts:Entered'201 into securityCode

2020-02-06 17:53:24 - [MESSAGE][PASSED] - Object 'Object Repository/CERTPAY_GENERICSTI/Payment_Information_Page/EXP_MONTH' is visible

2020-02-06 17:53:25 - [MESSAGE][PASSED] - Object 'Object Repository/CERTPAY_GENERICSTI/Payment_Information_Page/EXP_MONTH' is present

2020-02-06 17:53:26 - [MESSAGE][PASSED] - Object: 'Object Repository/CERTPAY_GENERICSTI/Payment_Information_Page/EXP_MONTH' is clicked on

2020-02-06 17:53:27 - [MESSAGE][PASSED] - All options with label '2' are selected in object 'Object Repository/CERTPAY_GENERICSTI/Payment_Information_Page/EXP_MONTH'  using regular expression

2020-02-06 17:53:27 - [MESSAGE][PASSED] - selected dropdown option by visible text  2from expMonth

2020-02-06 17:53:28 - [MESSAGE][PASSED] - Object 'Object Repository/CERTPAY_GENERICSTI/Payment_Information_Page/EXP_YEAR' is visible

2020-02-06 17:53:28 - [MESSAGE][PASSED] - Object 'Object Repository/CERTPAY_GENERICSTI/Payment_Information_Page/EXP_YEAR' is present

2020-02-06 17:53:29 - [MESSAGE][PASSED] - Object: 'Object Repository/CERTPAY_GENERICSTI/Payment_Information_Page/EXP_YEAR' is clicked on

2020-02-06 17:53:31 - [MESSAGE][PASSED] - All options with label '2023' are selected in object 'Object Repository/CERTPAY_GENERICSTI/Payment_Information_Page/EXP_YEAR'  using regular expression

2020-02-06 17:53:31 - [MESSAGE][PASSED] - selected dropdown option by visible text  2023from  expYear

2020-02-06 17:53:31 - [MESSAGE][PASSED] - Object 'Object Repository/CERTPAY_GENERICSTI/Payment_Information_Page/SECURITY_CODE' is present

2020-02-06 17:53:31 - [MESSAGE][PASSED] - Object 'Object Repository/CERTPAY_GENERICSTI/Payment_Information_Page/SECURITY_CODE' is visible

2020-02-06 17:53:32 - [MESSAGE][PASSED] - Object 'Object Repository/CERTPAY_GENERICSTI/Payment_Information_Page/SECURITY_CODE' is present

2020-02-06 17:53:33 - [MESSAGE][PASSED] - Text '201' is set on object 'Object Repository/CERTPAY_GENERICSTI/Payment_Information_Page/SECURITY_CODE'

2020-02-06 17:53:33 - [MESSAGE][PASSED] - GenericSTI_DifferentCardType.ts:Entered'201 into securityCode

2020-02-06 17:53:33 - [TEST_STEP][PASSED] - utilities.SafeActions.safeClick(findTestObject("CERTPAY_GENERICSTI/Payment_Information_Page/NEXT"), "Next", [pageLoadTime]): GenericSTI_DifferentCardType.ts:Clicked on the Next

2020-02-06 17:53:33 - [MESSAGE][INFO] - safeClicking

2020-02-06 17:53:33 - [MESSAGE][PASSED] - Object 'Object Repository/CERTPAY_GENERICSTI/Payment_Information_Page/NEXT' is present

2020-02-06 17:53:33 - [MESSAGE][PASSED] - Object 'Object Repository/CERTPAY_GENERICSTI/Payment_Information_Page/NEXT' is clickable

2020-02-06 17:53:37 - [MESSAGE][PASSED] - Object: 'Object Repository/CERTPAY_GENERICSTI/Payment_Information_Page/NEXT' is clicked on

2020-02-06 17:53:37 - [MESSAGE][PASSED] - GenericSTI_DifferentCardType.ts:Clicked on the Next

2020-02-06 17:53:37 - [TEST_STEP][PASSED] - utilities.SafeActions.safeClick(findTestObject("CERTPAY_GENERICSTI/Review_Payment_Page/PROCESS_PAYMENT"), "Process payment", [pageLoadTime]): GenericSTI_DifferentCardType.ts:Clicked on the Process payment

2020-02-06 17:53:37 - [MESSAGE][INFO] - safeClicking

2020-02-06 17:53:38 - [MESSAGE][PASSED] - Object 'Object Repository/CERTPAY_GENERICSTI/Review_Payment_Page/PROCESS_PAYMENT' is present

2020-02-06 17:53:38 - [MESSAGE][PASSED] - Object 'Object Repository/CERTPAY_GENERICSTI/Review_Payment_Page/PROCESS_PAYMENT' is clickable

2020-02-06 17:53:40 - [MESSAGE][PASSED] - Object: 'Object Repository/CERTPAY_GENERICSTI/Review_Payment_Page/PROCESS_PAYMENT' is clicked on

2020-02-06 17:53:40 - [MESSAGE][PASSED] - GenericSTI_DifferentCardType.ts:Clicked on the Process payment

2020-02-06 17:53:40 - [TEST_STEP][PASSED] - utilities.SafeActions.safeClick(findTestObject("CERTPAY_GENERICSTI/Confirm_Payment_Page/CONFIRM_YES"), "Confirm Yes", [pageLoadTime]): GenericSTI_DifferentCardType.ts:Clicked on the Confirm Yes

2020-02-06 17:53:40 - [MESSAGE][INFO] - safeClicking

2020-02-06 17:53:40 - [MESSAGE][PASSED] - Object 'Object Repository/CERTPAY_GENERICSTI/Confirm_Payment_Page/CONFIRM_YES' is present

2020-02-06 17:53:41 - [MESSAGE][PASSED] - Object 'Object Repository/CERTPAY_GENERICSTI/Confirm_Payment_Page/CONFIRM_YES' is clickable

2020-02-06 17:53:46 - [MESSAGE][PASSED] - Object: 'Object Repository/CERTPAY_GENERICSTI/Confirm_Payment_Page/CONFIRM_YES' is clicked on

2020-02-06 17:53:46 - [MESSAGE][PASSED] - GenericSTI_DifferentCardType.ts:Clicked on the Confirm Yes

2020-02-06 17:53:46 - [TEST_STEP][PASSED] - utilities.SafeActions.safeClick(findTestObject("CERTPAY_GENERICSTI/Payment_Details_Verification_Page/NEXT"), "Next", [pageLoadTime]): GenericSTI_DifferentCardType.ts:Clicked on the Next

2020-02-06 17:53:46 - [MESSAGE][INFO] - safeClicking

2020-02-06 17:53:47 - [MESSAGE][PASSED] - Object 'Object Repository/CERTPAY_GENERICSTI/Payment_Details_Verification_Page/NEXT' is present

2020-02-06 17:53:47 - [MESSAGE][PASSED] - Object 'Object Repository/CERTPAY_GENERICSTI/Payment_Details_Verification_Page/NEXT' is clickable

2020-02-06 17:53:57 - [MESSAGE][PASSED] - Object: 'Object Repository/CERTPAY_GENERICSTI/Payment_Details_Verification_Page/NEXT' is clicked on

2020-02-06 17:53:57 - [MESSAGE][PASSED] - GenericSTI_DifferentCardType.ts:Clicked on the Next

2020-02-06 17:53:57 - [TEST_STEP][PASSED] - FirstName = data.getValue("FirstName", index): null

2020-02-06 17:53:57 - [TEST_STEP][PASSED] - LastName = data.getValue("LastName", index): null

2020-02-06 17:53:57 - [TEST_STEP][PASSED] - Amount = data.getValue("Amount", index): null

2020-02-06 17:53:57 - [TEST_STEP][PASSED] - cardNum = data.getValue("CardNumber", index): null

2020-02-06 17:53:57 - [TEST_STEP][PASSED] - expMonth = data.getValue("ExpMonth", index): null

2020-02-06 17:53:57 - [TEST_STEP][PASSED] - expYear = data.getValue("ExpYear", index): null

2020-02-06 17:53:57 - [TEST_STEP][PASSED] - securityCode = data.getValue("SecurityCode", index): null

2020-02-06 17:53:57 - [TEST_STEP][PASSED] - cardType = data.getValue("CardType", index): null

2020-02-06 17:53:57 - [TEST_STEP][PASSED] - Comments = data.getValue("Comments", index): null

2020-02-06 17:53:57 - [TEST_STEP][PASSED] - Address = data.getValue("Address", index): null

2020-02-06 17:53:57 - [TEST_STEP][PASSED] - Telephone = data.getValue("Telephone", index): null

2020-02-06 17:53:57 - [TEST_STEP][PASSED] - Email = data.getValue("EmailAddress", index): null

2020-02-06 17:53:57 - [TEST_STEP][PASSED] - AccountType = data.getValue("AccountType", index): null

2020-02-06 17:53:57 - [TEST_STEP][PASSED] - RoutingNumber = data.getValue("RoutingNumber", index): null

2020-02-06 17:53:57 - [TEST_STEP][PASSED] - AccountNumber = data.getValue("AccountNumber", index): null

2020-02-06 17:53:57 - [TEST_STEP][PASSED] - ConfirmAccountNumber = data.getValue("ConfirmAccountNumber", index): null

2020-02-06 17:53:57 - [TEST_STEP][PASSED] - Signature = data.getValue("Signature", index): null

2020-02-06 17:53:57 - [TEST_STEP][PASSED] - Agreement = data.getValue("Agreement", index): null

2020-02-06 17:53:57 - [TEST_STEP][PASSED] - utilities.SafeActions.openBrowser(Genericsti_url, [pageLoadTime]): Browser launched successfully

2020-02-06 17:53:57 - [MESSAGE][INFO] - Opening Browser

2020-02-06 17:53:57 - [MESSAGE][WARNING] - A browser is already opened. Closing browser and opening a new one

2020-02-06 17:53:58 - [MESSAGE][INFO] - Starting 'Chrome' driver

2020-02-06 17:54:04 - [MESSAGE][PASSED] - Browser is opened with url: 'https://qa-certpaygenericsti.faps.net/genericsti/demo/'

2020-02-06 17:54:05 - [MESSAGE][PASSED] - Current window maximized

2020-02-06 17:54:05 - [MESSAGE][PASSED] - Browser launched successfully

2020-02-06 17:54:05 - [TEST_STEP][PASSED] - utilities.SafeActions.safeClick(findTestObject("CERTPAY_GENERICSTI/Demo_Pages/BEGIN_PAYMENT"), "Begin Payment", [pageLoadTime]): GenericSTI_DifferentCardType.ts:Clicked on the Begin Payment

2020-02-06 17:54:05 - [MESSAGE][INFO] - safeClicking

2020-02-06 17:54:06 - [MESSAGE][PASSED] - Object 'Object Repository/CERTPAY_GENERICSTI/Demo_Pages/BEGIN_PAYMENT' is present

2020-02-06 17:54:06 - [MESSAGE][PASSED] - Object 'Object Repository/CERTPAY_GENERICSTI/Demo_Pages/BEGIN_PAYMENT' is clickable

2020-02-06 17:54:08 - [MESSAGE][PASSED] - Object: 'Object Repository/CERTPAY_GENERICSTI/Demo_Pages/BEGIN_PAYMENT' is clicked on

2020-02-06 17:54:08 - [MESSAGE][PASSED] - GenericSTI_DifferentCardType.ts:Clicked on the Begin Payment

2020-02-06 17:54:08 - [TEST_STEP][PASSED] - XMLString = utilities.SafeActions.CreateXML(FirstName, LastName, Amount, Address, Email, Telephone): utilities.SafeActions.CreateXML is PASSED

2020-02-06 17:54:08 - [MESSAGE][INFO] - Create XML

2020-02-06 17:54:08 - [MESSAGE][PASSED] - utilities.SafeActions.CreateXML is PASSED

2020-02-06 17:54:08 - [TEST_STEP][PASSED] - utilities.SafeActions.safeType(findTestObject("CERTPAY_GENERICSTI/XML_Page/XML"), XMLString, "XMLContent", [pageLoadTime]): GenericSTI_DifferentCardType.ts:Entered'&lt;?xml version=&quot;1.0&quot; encoding=&quot;utf-8&quot;?&gt;
&lt;Transaction xmlns:xsi=&quot;http://www.w3.org/2001/XMLSchema-instance&quot; xmlns:xsd=&quot;http://www.w3.org/2001/XMLSchema&quot;&gt;
    &lt;BT_ID&gt;123456789&lt;/BT_ID&gt;
    &lt;Protocol&gt;
        &lt;RTU&gt;https://certifiedpayments.net/&lt;/RTU&gt;
        &lt;RLU&gt;https://certifiedpayments.net/&lt;/RLU&gt;
    &lt;/Protocol&gt;
    &lt;Billing&gt;
        &lt;FN Return=&quot;false&quot;&gt;Divya&lt;/FN&gt;
        &lt;MN Return=&quot;false&quot;&gt;K.&lt;/MN&gt;
        &lt;LN Return=&quot;false&quot;&gt;M&lt;/LN&gt;
        &lt;Sufx Return=&quot;false&quot; /&gt;
        &lt;AD1 Return=&quot;false&quot;&gt;1320 SE Benning&lt;/AD1&gt;
        &lt;AD2 Return=&quot;false&quot;&gt;Apt. A&lt;/AD2&gt;
        &lt;CTY Return=&quot;false&quot;&gt;New York&lt;/CTY&gt;
        &lt;ST Return=&quot;false&quot;&gt;NY&lt;/ST&gt;
        &lt;CNTY Return=&quot;false&quot;&gt;US&lt;/CNTY&gt;
        &lt;Phone Return=&quot;false&quot;&gt;555-1234&lt;/Phone&gt;
        &lt;Postal Return=&quot;false&quot;&gt;10018&lt;/Postal&gt;
        &lt;Email Return=&quot;false&quot;&gt;Test@knila.com&lt;/Email&gt;
    &lt;/Billing&gt;
    &lt;Items&gt;
        &lt;CI&gt;
            &lt;Amount Edit=&quot;true&quot;&gt;3.00&lt;/Amount&gt;
            &lt;BC&gt;6100000&lt;/BC&gt;
            &lt;CFS&gt;
                &lt;CF Edit=&quot;false&quot; Return=&quot;false&quot;&gt;
                    &lt;CFN&gt;Order Number&lt;/CFN&gt;
                    &lt;CFV&gt;123456789&lt;/CFV&gt;
                    &lt;VP&gt;\d{9}&lt;/VP&gt;
                &lt;/CF&gt;
                &lt;CF Edit=&quot;false&quot; Return=&quot;false&quot;&gt;
                    &lt;CFN&gt;Description&lt;/CFN&gt;
                    &lt;CFV&gt;Speeding Ticket&lt;/CFV&gt;
                    &lt;VP /&gt;
                &lt;/CF&gt;
            &lt;/CFS&gt;
            &lt;FN&gt;Divya&lt;/FN&gt;
            &lt;MN&gt;K.&lt;/MN&gt;
            &lt;LN&gt;M&lt;/LN&gt;
            &lt;Sufx /&gt;
            &lt;AD1&gt;1320 SE Benning&lt;/AD1&gt;
            &lt;AD2&gt;Apt. A&lt;/AD2&gt;
            &lt;CTY&gt;New York&lt;/CTY&gt;
            &lt;ST&gt;NY&lt;/ST&gt;
            &lt;CNTY&gt;US&lt;/CNTY&gt;
            &lt;Phone&gt;555-1234&lt;/Phone&gt;
            &lt;Postal&gt;10018&lt;/Postal&gt;
        &lt;/CI&gt;
      
    &lt;/Items&gt;
&lt;/Transaction&gt; into XMLContent

2020-02-06 17:54:08 - [MESSAGE][PASSED] - Object 'Object Repository/CERTPAY_GENERICSTI/XML_Page/XML' is present

2020-02-06 17:54:08 - [MESSAGE][PASSED] - Object 'Object Repository/CERTPAY_GENERICSTI/XML_Page/XML' is visible

2020-02-06 17:54:09 - [MESSAGE][PASSED] - Object 'Object Repository/CERTPAY_GENERICSTI/XML_Page/XML' is present

2020-02-06 17:54:18 - [MESSAGE][PASSED] - Text '&lt;?xml version=&quot;1.0&quot; encoding=&quot;utf-8&quot;?&gt;
&lt;Transaction xmlns:xsi=&quot;http://www.w3.org/2001/XMLSchema-instance&quot; xmlns:xsd=&quot;http://www.w3.org/2001/XMLSchema&quot;&gt;
    &lt;BT_ID&gt;123456789&lt;/BT_ID&gt;
    &lt;Protocol&gt;
        &lt;RTU&gt;https://certifiedpayments.net/&lt;/RTU&gt;
        &lt;RLU&gt;https://certifiedpayments.net/&lt;/RLU&gt;
    &lt;/Protocol&gt;
    &lt;Billing&gt;
        &lt;FN Return=&quot;false&quot;&gt;Divya&lt;/FN&gt;
        &lt;MN Return=&quot;false&quot;&gt;K.&lt;/MN&gt;
        &lt;LN Return=&quot;false&quot;&gt;M&lt;/LN&gt;
        &lt;Sufx Return=&quot;false&quot; /&gt;
        &lt;AD1 Return=&quot;false&quot;&gt;1320 SE Benning&lt;/AD1&gt;
        &lt;AD2 Return=&quot;false&quot;&gt;Apt. A&lt;/AD2&gt;
        &lt;CTY Return=&quot;false&quot;&gt;New York&lt;/CTY&gt;
        &lt;ST Return=&quot;false&quot;&gt;NY&lt;/ST&gt;
        &lt;CNTY Return=&quot;false&quot;&gt;US&lt;/CNTY&gt;
        &lt;Phone Return=&quot;false&quot;&gt;555-1234&lt;/Phone&gt;
        &lt;Postal Return=&quot;false&quot;&gt;10018&lt;/Postal&gt;
        &lt;Email Return=&quot;false&quot;&gt;Test@knila.com&lt;/Email&gt;
    &lt;/Billing&gt;
    &lt;Items&gt;
        &lt;CI&gt;
            &lt;Amount Edit=&quot;true&quot;&gt;3.00&lt;/Amount&gt;
            &lt;BC&gt;6100000&lt;/BC&gt;
            &lt;CFS&gt;
                &lt;CF Edit=&quot;false&quot; Return=&quot;false&quot;&gt;
                    &lt;CFN&gt;Order Number&lt;/CFN&gt;
                    &lt;CFV&gt;123456789&lt;/CFV&gt;
                    &lt;VP&gt;\d{9}&lt;/VP&gt;
                &lt;/CF&gt;
                &lt;CF Edit=&quot;false&quot; Return=&quot;false&quot;&gt;
                    &lt;CFN&gt;Description&lt;/CFN&gt;
                    &lt;CFV&gt;Speeding Ticket&lt;/CFV&gt;
                    &lt;VP /&gt;
                &lt;/CF&gt;
            &lt;/CFS&gt;
            &lt;FN&gt;Divya&lt;/FN&gt;
            &lt;MN&gt;K.&lt;/MN&gt;
            &lt;LN&gt;M&lt;/LN&gt;
            &lt;Sufx /&gt;
            &lt;AD1&gt;1320 SE Benning&lt;/AD1&gt;
            &lt;AD2&gt;Apt. A&lt;/AD2&gt;
            &lt;CTY&gt;New York&lt;/CTY&gt;
            &lt;ST&gt;NY&lt;/ST&gt;
            &lt;CNTY&gt;US&lt;/CNTY&gt;
            &lt;Phone&gt;555-1234&lt;/Phone&gt;
            &lt;Postal&gt;10018&lt;/Postal&gt;
        &lt;/CI&gt;
      
    &lt;/Items&gt;
&lt;/Transaction&gt;' is set on object 'Object Repository/CERTPAY_GENERICSTI/XML_Page/XML'

2020-02-06 17:54:18 - [MESSAGE][PASSED] - GenericSTI_DifferentCardType.ts:Entered'&lt;?xml version=&quot;1.0&quot; encoding=&quot;utf-8&quot;?&gt;
&lt;Transaction xmlns:xsi=&quot;http://www.w3.org/2001/XMLSchema-instance&quot; xmlns:xsd=&quot;http://www.w3.org/2001/XMLSchema&quot;&gt;
    &lt;BT_ID&gt;123456789&lt;/BT_ID&gt;
    &lt;Protocol&gt;
        &lt;RTU&gt;https://certifiedpayments.net/&lt;/RTU&gt;
        &lt;RLU&gt;https://certifiedpayments.net/&lt;/RLU&gt;
    &lt;/Protocol&gt;
    &lt;Billing&gt;
        &lt;FN Return=&quot;false&quot;&gt;Divya&lt;/FN&gt;
        &lt;MN Return=&quot;false&quot;&gt;K.&lt;/MN&gt;
        &lt;LN Return=&quot;false&quot;&gt;M&lt;/LN&gt;
        &lt;Sufx Return=&quot;false&quot; /&gt;
        &lt;AD1 Return=&quot;false&quot;&gt;1320 SE Benning&lt;/AD1&gt;
        &lt;AD2 Return=&quot;false&quot;&gt;Apt. A&lt;/AD2&gt;
        &lt;CTY Return=&quot;false&quot;&gt;New York&lt;/CTY&gt;
        &lt;ST Return=&quot;false&quot;&gt;NY&lt;/ST&gt;
        &lt;CNTY Return=&quot;false&quot;&gt;US&lt;/CNTY&gt;
        &lt;Phone Return=&quot;false&quot;&gt;555-1234&lt;/Phone&gt;
        &lt;Postal Return=&quot;false&quot;&gt;10018&lt;/Postal&gt;
        &lt;Email Return=&quot;false&quot;&gt;Test@knila.com&lt;/Email&gt;
    &lt;/Billing&gt;
    &lt;Items&gt;
        &lt;CI&gt;
            &lt;Amount Edit=&quot;true&quot;&gt;3.00&lt;/Amount&gt;
            &lt;BC&gt;6100000&lt;/BC&gt;
            &lt;CFS&gt;
                &lt;CF Edit=&quot;false&quot; Return=&quot;false&quot;&gt;
                    &lt;CFN&gt;Order Number&lt;/CFN&gt;
                    &lt;CFV&gt;123456789&lt;/CFV&gt;
                    &lt;VP&gt;\d{9}&lt;/VP&gt;
                &lt;/CF&gt;
                &lt;CF Edit=&quot;false&quot; Return=&quot;false&quot;&gt;
                    &lt;CFN&gt;Description&lt;/CFN&gt;
                    &lt;CFV&gt;Speeding Ticket&lt;/CFV&gt;
                    &lt;VP /&gt;
                &lt;/CF&gt;
            &lt;/CFS&gt;
            &lt;FN&gt;Divya&lt;/FN&gt;
            &lt;MN&gt;K.&lt;/MN&gt;
            &lt;LN&gt;M&lt;/LN&gt;
            &lt;Sufx /&gt;
            &lt;AD1&gt;1320 SE Benning&lt;/AD1&gt;
            &lt;AD2&gt;Apt. A&lt;/AD2&gt;
            &lt;CTY&gt;New York&lt;/CTY&gt;
            &lt;ST&gt;NY&lt;/ST&gt;
            &lt;CNTY&gt;US&lt;/CNTY&gt;
            &lt;Phone&gt;555-1234&lt;/Phone&gt;
            &lt;Postal&gt;10018&lt;/Postal&gt;
        &lt;/CI&gt;
      
    &lt;/Items&gt;
&lt;/Transaction&gt; into XMLContent

2020-02-06 17:54:18 - [TEST_STEP][PASSED] - utilities.SafeActions.safeClick(findTestObject("CERTPAY_GENERICSTI/XML_Page/SUBMIT"), "Submit XML", [pageLoadTime]): GenericSTI_DifferentCardType.ts:Clicked on the Submit XML

2020-02-06 17:54:18 - [MESSAGE][INFO] - safeClicking

2020-02-06 17:54:18 - [MESSAGE][PASSED] - Object 'Object Repository/CERTPAY_GENERICSTI/XML_Page/SUBMIT' is present

2020-02-06 17:54:18 - [MESSAGE][PASSED] - Object 'Object Repository/CERTPAY_GENERICSTI/XML_Page/SUBMIT' is clickable

2020-02-06 17:54:31 - [MESSAGE][PASSED] - Object: 'Object Repository/CERTPAY_GENERICSTI/XML_Page/SUBMIT' is clicked on

2020-02-06 17:54:31 - [MESSAGE][PASSED] - GenericSTI_DifferentCardType.ts:Clicked on the Submit XML

2020-02-06 17:54:31 - [TEST_STEP][PASSED] - if (cardType == "Visa"): null

2020-02-06 17:54:31 - [TEST_STEP][PASSED] - else if (cardType == "MasterCard"): null

2020-02-06 17:54:31 - [TEST_STEP][PASSED] - else if (cardType == "AmericanExpress"): GenericSTI_DifferentCardType.ts:Clicked on the AmericanExpress

2020-02-06 17:54:31 - [TEST_STEP][PASSED] - utilities.SafeActions.safeClick(findTestObject("CERTPAY_GENERICSTI/Payment_Information_Page/AMERICAN_EXPRESS"), "AmericanExpress", [pageLoadTime]): GenericSTI_DifferentCardType.ts:Clicked on the AmericanExpress

2020-02-06 17:54:31 - [MESSAGE][INFO] - safeClicking

2020-02-06 17:54:32 - [MESSAGE][PASSED] - Object 'Object Repository/CERTPAY_GENERICSTI/Payment_Information_Page/AMERICAN_EXPRESS' is present

2020-02-06 17:54:32 - [MESSAGE][PASSED] - Object 'Object Repository/CERTPAY_GENERICSTI/Payment_Information_Page/AMERICAN_EXPRESS' is clickable

2020-02-06 17:54:38 - [MESSAGE][PASSED] - Object: 'Object Repository/CERTPAY_GENERICSTI/Payment_Information_Page/AMERICAN_EXPRESS' is clicked on

2020-02-06 17:54:38 - [MESSAGE][PASSED] - GenericSTI_DifferentCardType.ts:Clicked on the AmericanExpress

2020-02-06 17:54:38 - [TEST_STEP][PASSED] - utilities.SafeActions.safeType(findTestObject("CERTPAY_GENERICSTI/Payment_Information_Page/COMMENTS"), "Testing", "Comments", [pageLoadTime]): GenericSTI_DifferentCardType.ts:Entered'Testing into Comments

2020-02-06 17:54:39 - [MESSAGE][PASSED] - Object 'Object Repository/CERTPAY_GENERICSTI/Payment_Information_Page/COMMENTS' is present

2020-02-06 17:54:39 - [MESSAGE][PASSED] - Object 'Object Repository/CERTPAY_GENERICSTI/Payment_Information_Page/COMMENTS' is visible

2020-02-06 17:54:39 - [MESSAGE][PASSED] - Object 'Object Repository/CERTPAY_GENERICSTI/Payment_Information_Page/COMMENTS' is present

2020-02-06 17:54:40 - [MESSAGE][PASSED] - Text 'Testing' is set on object 'Object Repository/CERTPAY_GENERICSTI/Payment_Information_Page/COMMENTS'

2020-02-06 17:54:40 - [MESSAGE][PASSED] - GenericSTI_DifferentCardType.ts:Entered'Testing into Comments

2020-02-06 17:54:40 - [TEST_STEP][PASSED] - if (cardType == "Echeck"): null

2020-02-06 17:54:40 - [TEST_STEP][PASSED] - else: GenericSTI_DifferentCardType.ts:Clicked on the Next

2020-02-06 17:54:40 - [TEST_STEP][PASSED] - CardNumber = pages.Genericsti.setUserPaymentDetails(cardNum): GenericSTI_DifferentCardType.ts:Entered'378282246310005 into CardNum

2020-02-06 17:54:41 - [MESSAGE][PASSED] - Object 'Object Repository/CERTPAY_GENERICSTI/Payment_Information_Page/CARD_NUMBER' is present

2020-02-06 17:54:41 - [MESSAGE][PASSED] - Object 'Object Repository/CERTPAY_GENERICSTI/Payment_Information_Page/CARD_NUMBER' is visible

2020-02-06 17:54:41 - [MESSAGE][PASSED] - Object 'Object Repository/CERTPAY_GENERICSTI/Payment_Information_Page/CARD_NUMBER' is present

2020-02-06 17:54:43 - [MESSAGE][PASSED] - Text '378282246310005' is set on object 'Object Repository/CERTPAY_GENERICSTI/Payment_Information_Page/CARD_NUMBER'

2020-02-06 17:54:43 - [MESSAGE][PASSED] - GenericSTI_DifferentCardType.ts:Entered'378282246310005 into CardNum

2020-02-06 17:54:43 - [TEST_STEP][PASSED] - pages.Genericsti.setExpDate(expMonth, expYear, securityCode): GenericSTI_DifferentCardType.ts:Entered'111 into securityCode

2020-02-06 17:54:43 - [MESSAGE][PASSED] - Object 'Object Repository/CERTPAY_GENERICSTI/Payment_Information_Page/EXP_MONTH' is visible

2020-02-06 17:54:44 - [MESSAGE][PASSED] - Object 'Object Repository/CERTPAY_GENERICSTI/Payment_Information_Page/EXP_MONTH' is present

2020-02-06 17:54:45 - [MESSAGE][PASSED] - Object: 'Object Repository/CERTPAY_GENERICSTI/Payment_Information_Page/EXP_MONTH' is clicked on

2020-02-06 17:54:46 - [MESSAGE][PASSED] - All options with label '4' are selected in object 'Object Repository/CERTPAY_GENERICSTI/Payment_Information_Page/EXP_MONTH'  using regular expression

2020-02-06 17:54:46 - [MESSAGE][PASSED] - selected dropdown option by visible text  4from expMonth

2020-02-06 17:54:47 - [MESSAGE][PASSED] - Object 'Object Repository/CERTPAY_GENERICSTI/Payment_Information_Page/EXP_YEAR' is visible

2020-02-06 17:54:47 - [MESSAGE][PASSED] - Object 'Object Repository/CERTPAY_GENERICSTI/Payment_Information_Page/EXP_YEAR' is present

2020-02-06 17:54:48 - [MESSAGE][PASSED] - Object: 'Object Repository/CERTPAY_GENERICSTI/Payment_Information_Page/EXP_YEAR' is clicked on

2020-02-06 17:54:50 - [MESSAGE][PASSED] - All options with label '2024' are selected in object 'Object Repository/CERTPAY_GENERICSTI/Payment_Information_Page/EXP_YEAR'  using regular expression

2020-02-06 17:54:50 - [MESSAGE][PASSED] - selected dropdown option by visible text  2024from  expYear

2020-02-06 17:54:50 - [MESSAGE][PASSED] - Object 'Object Repository/CERTPAY_GENERICSTI/Payment_Information_Page/SECURITY_CODE' is present

2020-02-06 17:54:50 - [MESSAGE][PASSED] - Object 'Object Repository/CERTPAY_GENERICSTI/Payment_Information_Page/SECURITY_CODE' is visible

2020-02-06 17:54:51 - [MESSAGE][PASSED] - Object 'Object Repository/CERTPAY_GENERICSTI/Payment_Information_Page/SECURITY_CODE' is present

2020-02-06 17:54:52 - [MESSAGE][PASSED] - Text '111' is set on object 'Object Repository/CERTPAY_GENERICSTI/Payment_Information_Page/SECURITY_CODE'

2020-02-06 17:54:52 - [MESSAGE][PASSED] - GenericSTI_DifferentCardType.ts:Entered'111 into securityCode

2020-02-06 17:54:52 - [TEST_STEP][PASSED] - utilities.SafeActions.safeClick(findTestObject("CERTPAY_GENERICSTI/Payment_Information_Page/NEXT"), "Next", [pageLoadTime]): GenericSTI_DifferentCardType.ts:Clicked on the Next

2020-02-06 17:54:52 - [MESSAGE][INFO] - safeClicking

2020-02-06 17:54:52 - [MESSAGE][PASSED] - Object 'Object Repository/CERTPAY_GENERICSTI/Payment_Information_Page/NEXT' is present

2020-02-06 17:54:53 - [MESSAGE][PASSED] - Object 'Object Repository/CERTPAY_GENERICSTI/Payment_Information_Page/NEXT' is clickable

2020-02-06 17:54:57 - [MESSAGE][PASSED] - Object: 'Object Repository/CERTPAY_GENERICSTI/Payment_Information_Page/NEXT' is clicked on

2020-02-06 17:54:57 - [MESSAGE][PASSED] - GenericSTI_DifferentCardType.ts:Clicked on the Next

2020-02-06 17:54:57 - [TEST_STEP][PASSED] - utilities.SafeActions.safeClick(findTestObject("CERTPAY_GENERICSTI/Review_Payment_Page/PROCESS_PAYMENT"), "Process payment", [pageLoadTime]): GenericSTI_DifferentCardType.ts:Clicked on the Process payment

2020-02-06 17:54:57 - [MESSAGE][INFO] - safeClicking

2020-02-06 17:54:59 - [MESSAGE][PASSED] - Object 'Object Repository/CERTPAY_GENERICSTI/Review_Payment_Page/PROCESS_PAYMENT' is present

2020-02-06 17:54:59 - [MESSAGE][PASSED] - Object 'Object Repository/CERTPAY_GENERICSTI/Review_Payment_Page/PROCESS_PAYMENT' is clickable

2020-02-06 17:55:00 - [MESSAGE][PASSED] - Object: 'Object Repository/CERTPAY_GENERICSTI/Review_Payment_Page/PROCESS_PAYMENT' is clicked on

2020-02-06 17:55:00 - [MESSAGE][PASSED] - GenericSTI_DifferentCardType.ts:Clicked on the Process payment

2020-02-06 17:55:00 - [TEST_STEP][PASSED] - utilities.SafeActions.safeClick(findTestObject("CERTPAY_GENERICSTI/Confirm_Payment_Page/CONFIRM_YES"), "Confirm Yes", [pageLoadTime]): GenericSTI_DifferentCardType.ts:Clicked on the Confirm Yes

2020-02-06 17:55:00 - [MESSAGE][INFO] - safeClicking

2020-02-06 17:55:01 - [MESSAGE][PASSED] - Object 'Object Repository/CERTPAY_GENERICSTI/Confirm_Payment_Page/CONFIRM_YES' is present

2020-02-06 17:55:01 - [MESSAGE][PASSED] - Object 'Object Repository/CERTPAY_GENERICSTI/Confirm_Payment_Page/CONFIRM_YES' is clickable

2020-02-06 17:55:06 - [MESSAGE][PASSED] - Object: 'Object Repository/CERTPAY_GENERICSTI/Confirm_Payment_Page/CONFIRM_YES' is clicked on

2020-02-06 17:55:06 - [MESSAGE][PASSED] - GenericSTI_DifferentCardType.ts:Clicked on the Confirm Yes

2020-02-06 17:55:06 - [TEST_STEP][PASSED] - utilities.SafeActions.safeClick(findTestObject("CERTPAY_GENERICSTI/Payment_Details_Verification_Page/NEXT"), "Next", [pageLoadTime]): GenericSTI_DifferentCardType.ts:Clicked on the Next

2020-02-06 17:55:06 - [MESSAGE][INFO] - safeClicking

2020-02-06 17:55:08 - [MESSAGE][PASSED] - Object 'Object Repository/CERTPAY_GENERICSTI/Payment_Details_Verification_Page/NEXT' is present

2020-02-06 17:55:08 - [MESSAGE][PASSED] - Object 'Object Repository/CERTPAY_GENERICSTI/Payment_Details_Verification_Page/NEXT' is clickable

2020-02-06 17:55:20 - [MESSAGE][PASSED] - Object: 'Object Repository/CERTPAY_GENERICSTI/Payment_Details_Verification_Page/NEXT' is clicked on

2020-02-06 17:55:20 - [MESSAGE][PASSED] - GenericSTI_DifferentCardType.ts:Clicked on the Next

2020-02-06 17:55:20 - [TEST_STEP][PASSED] - FirstName = data.getValue("FirstName", index): null

2020-02-06 17:55:20 - [TEST_STEP][PASSED] - LastName = data.getValue("LastName", index): null

2020-02-06 17:55:20 - [TEST_STEP][PASSED] - Amount = data.getValue("Amount", index): null

2020-02-06 17:55:20 - [TEST_STEP][PASSED] - cardNum = data.getValue("CardNumber", index): null

2020-02-06 17:55:20 - [TEST_STEP][PASSED] - expMonth = data.getValue("ExpMonth", index): null

2020-02-06 17:55:20 - [TEST_STEP][PASSED] - expYear = data.getValue("ExpYear", index): null

2020-02-06 17:55:20 - [TEST_STEP][PASSED] - securityCode = data.getValue("SecurityCode", index): null

2020-02-06 17:55:20 - [TEST_STEP][PASSED] - cardType = data.getValue("CardType", index): null

2020-02-06 17:55:20 - [TEST_STEP][PASSED] - Comments = data.getValue("Comments", index): null

2020-02-06 17:55:20 - [TEST_STEP][PASSED] - Address = data.getValue("Address", index): null

2020-02-06 17:55:20 - [TEST_STEP][PASSED] - Telephone = data.getValue("Telephone", index): null

2020-02-06 17:55:20 - [TEST_STEP][PASSED] - Email = data.getValue("EmailAddress", index): null

2020-02-06 17:55:20 - [TEST_STEP][PASSED] - AccountType = data.getValue("AccountType", index): null

2020-02-06 17:55:20 - [TEST_STEP][PASSED] - RoutingNumber = data.getValue("RoutingNumber", index): null

2020-02-06 17:55:20 - [TEST_STEP][PASSED] - AccountNumber = data.getValue("AccountNumber", index): null

2020-02-06 17:55:20 - [TEST_STEP][PASSED] - ConfirmAccountNumber = data.getValue("ConfirmAccountNumber", index): null

2020-02-06 17:55:20 - [TEST_STEP][PASSED] - Signature = data.getValue("Signature", index): null

2020-02-06 17:55:20 - [TEST_STEP][PASSED] - Agreement = data.getValue("Agreement", index): null

2020-02-06 17:55:20 - [TEST_STEP][PASSED] - utilities.SafeActions.openBrowser(Genericsti_url, [pageLoadTime]): Browser launched successfully

2020-02-06 17:55:20 - [MESSAGE][INFO] - Opening Browser

2020-02-06 17:55:20 - [MESSAGE][WARNING] - A browser is already opened. Closing browser and opening a new one

2020-02-06 17:55:21 - [MESSAGE][INFO] - Starting 'Chrome' driver

2020-02-06 17:55:27 - [MESSAGE][PASSED] - Browser is opened with url: 'https://qa-certpaygenericsti.faps.net/genericsti/demo/'

2020-02-06 17:55:28 - [MESSAGE][PASSED] - Current window maximized

2020-02-06 17:55:28 - [MESSAGE][PASSED] - Browser launched successfully

2020-02-06 17:55:28 - [TEST_STEP][PASSED] - utilities.SafeActions.safeClick(findTestObject("CERTPAY_GENERICSTI/Demo_Pages/BEGIN_PAYMENT"), "Begin Payment", [pageLoadTime]): GenericSTI_DifferentCardType.ts:Clicked on the Begin Payment

2020-02-06 17:55:28 - [MESSAGE][INFO] - safeClicking

2020-02-06 17:55:28 - [MESSAGE][PASSED] - Object 'Object Repository/CERTPAY_GENERICSTI/Demo_Pages/BEGIN_PAYMENT' is present

2020-02-06 17:55:29 - [MESSAGE][PASSED] - Object 'Object Repository/CERTPAY_GENERICSTI/Demo_Pages/BEGIN_PAYMENT' is clickable

2020-02-06 17:55:30 - [MESSAGE][PASSED] - Object: 'Object Repository/CERTPAY_GENERICSTI/Demo_Pages/BEGIN_PAYMENT' is clicked on

2020-02-06 17:55:30 - [MESSAGE][PASSED] - GenericSTI_DifferentCardType.ts:Clicked on the Begin Payment

2020-02-06 17:55:30 - [TEST_STEP][PASSED] - XMLString = utilities.SafeActions.CreateXML(FirstName, LastName, Amount, Address, Email, Telephone): utilities.SafeActions.CreateXML is PASSED

2020-02-06 17:55:30 - [MESSAGE][INFO] - Create XML

2020-02-06 17:55:30 - [MESSAGE][PASSED] - utilities.SafeActions.CreateXML is PASSED

2020-02-06 17:55:30 - [TEST_STEP][PASSED] - utilities.SafeActions.safeType(findTestObject("CERTPAY_GENERICSTI/XML_Page/XML"), XMLString, "XMLContent", [pageLoadTime]): GenericSTI_DifferentCardType.ts:Entered'&lt;?xml version=&quot;1.0&quot; encoding=&quot;utf-8&quot;?&gt;
&lt;Transaction xmlns:xsi=&quot;http://www.w3.org/2001/XMLSchema-instance&quot; xmlns:xsd=&quot;http://www.w3.org/2001/XMLSchema&quot;&gt;
    &lt;BT_ID&gt;123456789&lt;/BT_ID&gt;
    &lt;Protocol&gt;
        &lt;RTU&gt;https://certifiedpayments.net/&lt;/RTU&gt;
        &lt;RLU&gt;https://certifiedpayments.net/&lt;/RLU&gt;
    &lt;/Protocol&gt;
    &lt;Billing&gt;
        &lt;FN Return=&quot;false&quot;&gt;Saranya&lt;/FN&gt;
        &lt;MN Return=&quot;false&quot;&gt;K.&lt;/MN&gt;
        &lt;LN Return=&quot;false&quot;&gt;S&lt;/LN&gt;
        &lt;Sufx Return=&quot;false&quot; /&gt;
        &lt;AD1 Return=&quot;false&quot;&gt;1320 SE Benning&lt;/AD1&gt;
        &lt;AD2 Return=&quot;false&quot;&gt;Apt. A&lt;/AD2&gt;
        &lt;CTY Return=&quot;false&quot;&gt;New York&lt;/CTY&gt;
        &lt;ST Return=&quot;false&quot;&gt;NY&lt;/ST&gt;
        &lt;CNTY Return=&quot;false&quot;&gt;US&lt;/CNTY&gt;
        &lt;Phone Return=&quot;false&quot;&gt;555-1234&lt;/Phone&gt;
        &lt;Postal Return=&quot;false&quot;&gt;10018&lt;/Postal&gt;
        &lt;Email Return=&quot;false&quot;&gt;Test@knila.com&lt;/Email&gt;
    &lt;/Billing&gt;
    &lt;Items&gt;
        &lt;CI&gt;
            &lt;Amount Edit=&quot;true&quot;&gt;5.00&lt;/Amount&gt;
            &lt;BC&gt;6100000&lt;/BC&gt;
            &lt;CFS&gt;
                &lt;CF Edit=&quot;false&quot; Return=&quot;false&quot;&gt;
                    &lt;CFN&gt;Order Number&lt;/CFN&gt;
                    &lt;CFV&gt;123456789&lt;/CFV&gt;
                    &lt;VP&gt;\d{9}&lt;/VP&gt;
                &lt;/CF&gt;
                &lt;CF Edit=&quot;false&quot; Return=&quot;false&quot;&gt;
                    &lt;CFN&gt;Description&lt;/CFN&gt;
                    &lt;CFV&gt;Speeding Ticket&lt;/CFV&gt;
                    &lt;VP /&gt;
                &lt;/CF&gt;
            &lt;/CFS&gt;
            &lt;FN&gt;Saranya&lt;/FN&gt;
            &lt;MN&gt;K.&lt;/MN&gt;
            &lt;LN&gt;S&lt;/LN&gt;
            &lt;Sufx /&gt;
            &lt;AD1&gt;1320 SE Benning&lt;/AD1&gt;
            &lt;AD2&gt;Apt. A&lt;/AD2&gt;
            &lt;CTY&gt;New York&lt;/CTY&gt;
            &lt;ST&gt;NY&lt;/ST&gt;
            &lt;CNTY&gt;US&lt;/CNTY&gt;
            &lt;Phone&gt;555-1234&lt;/Phone&gt;
            &lt;Postal&gt;10018&lt;/Postal&gt;
        &lt;/CI&gt;
      
    &lt;/Items&gt;
&lt;/Transaction&gt; into XMLContent

2020-02-06 17:55:31 - [MESSAGE][PASSED] - Object 'Object Repository/CERTPAY_GENERICSTI/XML_Page/XML' is present

2020-02-06 17:55:31 - [MESSAGE][PASSED] - Object 'Object Repository/CERTPAY_GENERICSTI/XML_Page/XML' is visible

2020-02-06 17:55:31 - [MESSAGE][PASSED] - Object 'Object Repository/CERTPAY_GENERICSTI/XML_Page/XML' is present

2020-02-06 17:55:41 - [MESSAGE][PASSED] - Text '&lt;?xml version=&quot;1.0&quot; encoding=&quot;utf-8&quot;?&gt;
&lt;Transaction xmlns:xsi=&quot;http://www.w3.org/2001/XMLSchema-instance&quot; xmlns:xsd=&quot;http://www.w3.org/2001/XMLSchema&quot;&gt;
    &lt;BT_ID&gt;123456789&lt;/BT_ID&gt;
    &lt;Protocol&gt;
        &lt;RTU&gt;https://certifiedpayments.net/&lt;/RTU&gt;
        &lt;RLU&gt;https://certifiedpayments.net/&lt;/RLU&gt;
    &lt;/Protocol&gt;
    &lt;Billing&gt;
        &lt;FN Return=&quot;false&quot;&gt;Saranya&lt;/FN&gt;
        &lt;MN Return=&quot;false&quot;&gt;K.&lt;/MN&gt;
        &lt;LN Return=&quot;false&quot;&gt;S&lt;/LN&gt;
        &lt;Sufx Return=&quot;false&quot; /&gt;
        &lt;AD1 Return=&quot;false&quot;&gt;1320 SE Benning&lt;/AD1&gt;
        &lt;AD2 Return=&quot;false&quot;&gt;Apt. A&lt;/AD2&gt;
        &lt;CTY Return=&quot;false&quot;&gt;New York&lt;/CTY&gt;
        &lt;ST Return=&quot;false&quot;&gt;NY&lt;/ST&gt;
        &lt;CNTY Return=&quot;false&quot;&gt;US&lt;/CNTY&gt;
        &lt;Phone Return=&quot;false&quot;&gt;555-1234&lt;/Phone&gt;
        &lt;Postal Return=&quot;false&quot;&gt;10018&lt;/Postal&gt;
        &lt;Email Return=&quot;false&quot;&gt;Test@knila.com&lt;/Email&gt;
    &lt;/Billing&gt;
    &lt;Items&gt;
        &lt;CI&gt;
            &lt;Amount Edit=&quot;true&quot;&gt;5.00&lt;/Amount&gt;
            &lt;BC&gt;6100000&lt;/BC&gt;
            &lt;CFS&gt;
                &lt;CF Edit=&quot;false&quot; Return=&quot;false&quot;&gt;
                    &lt;CFN&gt;Order Number&lt;/CFN&gt;
                    &lt;CFV&gt;123456789&lt;/CFV&gt;
                    &lt;VP&gt;\d{9}&lt;/VP&gt;
                &lt;/CF&gt;
                &lt;CF Edit=&quot;false&quot; Return=&quot;false&quot;&gt;
                    &lt;CFN&gt;Description&lt;/CFN&gt;
                    &lt;CFV&gt;Speeding Ticket&lt;/CFV&gt;
                    &lt;VP /&gt;
                &lt;/CF&gt;
            &lt;/CFS&gt;
            &lt;FN&gt;Saranya&lt;/FN&gt;
            &lt;MN&gt;K.&lt;/MN&gt;
            &lt;LN&gt;S&lt;/LN&gt;
            &lt;Sufx /&gt;
            &lt;AD1&gt;1320 SE Benning&lt;/AD1&gt;
            &lt;AD2&gt;Apt. A&lt;/AD2&gt;
            &lt;CTY&gt;New York&lt;/CTY&gt;
            &lt;ST&gt;NY&lt;/ST&gt;
            &lt;CNTY&gt;US&lt;/CNTY&gt;
            &lt;Phone&gt;555-1234&lt;/Phone&gt;
            &lt;Postal&gt;10018&lt;/Postal&gt;
        &lt;/CI&gt;
      
    &lt;/Items&gt;
&lt;/Transaction&gt;' is set on object 'Object Repository/CERTPAY_GENERICSTI/XML_Page/XML'

2020-02-06 17:55:41 - [MESSAGE][PASSED] - GenericSTI_DifferentCardType.ts:Entered'&lt;?xml version=&quot;1.0&quot; encoding=&quot;utf-8&quot;?&gt;
&lt;Transaction xmlns:xsi=&quot;http://www.w3.org/2001/XMLSchema-instance&quot; xmlns:xsd=&quot;http://www.w3.org/2001/XMLSchema&quot;&gt;
    &lt;BT_ID&gt;123456789&lt;/BT_ID&gt;
    &lt;Protocol&gt;
        &lt;RTU&gt;https://certifiedpayments.net/&lt;/RTU&gt;
        &lt;RLU&gt;https://certifiedpayments.net/&lt;/RLU&gt;
    &lt;/Protocol&gt;
    &lt;Billing&gt;
        &lt;FN Return=&quot;false&quot;&gt;Saranya&lt;/FN&gt;
        &lt;MN Return=&quot;false&quot;&gt;K.&lt;/MN&gt;
        &lt;LN Return=&quot;false&quot;&gt;S&lt;/LN&gt;
        &lt;Sufx Return=&quot;false&quot; /&gt;
        &lt;AD1 Return=&quot;false&quot;&gt;1320 SE Benning&lt;/AD1&gt;
        &lt;AD2 Return=&quot;false&quot;&gt;Apt. A&lt;/AD2&gt;
        &lt;CTY Return=&quot;false&quot;&gt;New York&lt;/CTY&gt;
        &lt;ST Return=&quot;false&quot;&gt;NY&lt;/ST&gt;
        &lt;CNTY Return=&quot;false&quot;&gt;US&lt;/CNTY&gt;
        &lt;Phone Return=&quot;false&quot;&gt;555-1234&lt;/Phone&gt;
        &lt;Postal Return=&quot;false&quot;&gt;10018&lt;/Postal&gt;
        &lt;Email Return=&quot;false&quot;&gt;Test@knila.com&lt;/Email&gt;
    &lt;/Billing&gt;
    &lt;Items&gt;
        &lt;CI&gt;
            &lt;Amount Edit=&quot;true&quot;&gt;5.00&lt;/Amount&gt;
            &lt;BC&gt;6100000&lt;/BC&gt;
            &lt;CFS&gt;
                &lt;CF Edit=&quot;false&quot; Return=&quot;false&quot;&gt;
                    &lt;CFN&gt;Order Number&lt;/CFN&gt;
                    &lt;CFV&gt;123456789&lt;/CFV&gt;
                    &lt;VP&gt;\d{9}&lt;/VP&gt;
                &lt;/CF&gt;
                &lt;CF Edit=&quot;false&quot; Return=&quot;false&quot;&gt;
                    &lt;CFN&gt;Description&lt;/CFN&gt;
                    &lt;CFV&gt;Speeding Ticket&lt;/CFV&gt;
                    &lt;VP /&gt;
                &lt;/CF&gt;
            &lt;/CFS&gt;
            &lt;FN&gt;Saranya&lt;/FN&gt;
            &lt;MN&gt;K.&lt;/MN&gt;
            &lt;LN&gt;S&lt;/LN&gt;
            &lt;Sufx /&gt;
            &lt;AD1&gt;1320 SE Benning&lt;/AD1&gt;
            &lt;AD2&gt;Apt. A&lt;/AD2&gt;
            &lt;CTY&gt;New York&lt;/CTY&gt;
            &lt;ST&gt;NY&lt;/ST&gt;
            &lt;CNTY&gt;US&lt;/CNTY&gt;
            &lt;Phone&gt;555-1234&lt;/Phone&gt;
            &lt;Postal&gt;10018&lt;/Postal&gt;
        &lt;/CI&gt;
      
    &lt;/Items&gt;
&lt;/Transaction&gt; into XMLContent

2020-02-06 17:55:41 - [TEST_STEP][PASSED] - utilities.SafeActions.safeClick(findTestObject("CERTPAY_GENERICSTI/XML_Page/SUBMIT"), "Submit XML", [pageLoadTime]): GenericSTI_DifferentCardType.ts:Clicked on the Submit XML

2020-02-06 17:55:41 - [MESSAGE][INFO] - safeClicking

2020-02-06 17:55:41 - [MESSAGE][PASSED] - Object 'Object Repository/CERTPAY_GENERICSTI/XML_Page/SUBMIT' is present

2020-02-06 17:55:41 - [MESSAGE][PASSED] - Object 'Object Repository/CERTPAY_GENERICSTI/XML_Page/SUBMIT' is clickable

2020-02-06 17:55:53 - [MESSAGE][PASSED] - Object: 'Object Repository/CERTPAY_GENERICSTI/XML_Page/SUBMIT' is clicked on

2020-02-06 17:55:53 - [MESSAGE][PASSED] - GenericSTI_DifferentCardType.ts:Clicked on the Submit XML

2020-02-06 17:55:53 - [TEST_STEP][PASSED] - if (cardType == "Visa"): null

2020-02-06 17:55:53 - [TEST_STEP][PASSED] - else if (cardType == "MasterCard"): null

2020-02-06 17:55:53 - [TEST_STEP][PASSED] - else if (cardType == "AmericanExpress"): null

2020-02-06 17:55:53 - [TEST_STEP][PASSED] - else if (cardType == "Discover"): GenericSTI_DifferentCardType.ts:Clicked on the Discover

2020-02-06 17:55:53 - [TEST_STEP][PASSED] - utilities.SafeActions.safeClick(findTestObject("CERTPAY_GENERICSTI/Payment_Information_Page/DISCOVER"), "Discover", [pageLoadTime]): GenericSTI_DifferentCardType.ts:Clicked on the Discover

2020-02-06 17:55:53 - [MESSAGE][INFO] - safeClicking

2020-02-06 17:55:56 - [MESSAGE][PASSED] - Object 'Object Repository/CERTPAY_GENERICSTI/Payment_Information_Page/DISCOVER' is present

2020-02-06 17:55:57 - [MESSAGE][PASSED] - Object 'Object Repository/CERTPAY_GENERICSTI/Payment_Information_Page/DISCOVER' is clickable

2020-02-06 17:56:02 - [MESSAGE][PASSED] - Object: 'Object Repository/CERTPAY_GENERICSTI/Payment_Information_Page/DISCOVER' is clicked on

2020-02-06 17:56:02 - [MESSAGE][PASSED] - GenericSTI_DifferentCardType.ts:Clicked on the Discover

2020-02-06 17:56:02 - [TEST_STEP][PASSED] - utilities.SafeActions.safeType(findTestObject("CERTPAY_GENERICSTI/Payment_Information_Page/COMMENTS"), "Testing", "Comments", [pageLoadTime]): GenericSTI_DifferentCardType.ts:Entered'Testing into Comments

2020-02-06 17:56:03 - [MESSAGE][PASSED] - Object 'Object Repository/CERTPAY_GENERICSTI/Payment_Information_Page/COMMENTS' is present

2020-02-06 17:56:03 - [MESSAGE][PASSED] - Object 'Object Repository/CERTPAY_GENERICSTI/Payment_Information_Page/COMMENTS' is visible

2020-02-06 17:56:03 - [MESSAGE][PASSED] - Object 'Object Repository/CERTPAY_GENERICSTI/Payment_Information_Page/COMMENTS' is present

2020-02-06 17:56:05 - [MESSAGE][PASSED] - Text 'Testing' is set on object 'Object Repository/CERTPAY_GENERICSTI/Payment_Information_Page/COMMENTS'

2020-02-06 17:56:05 - [MESSAGE][PASSED] - GenericSTI_DifferentCardType.ts:Entered'Testing into Comments

2020-02-06 17:56:05 - [TEST_STEP][PASSED] - if (cardType == "Echeck"): null

2020-02-06 17:56:05 - [TEST_STEP][PASSED] - else: GenericSTI_DifferentCardType.ts:Clicked on the Next

2020-02-06 17:56:05 - [TEST_STEP][PASSED] - CardNumber = pages.Genericsti.setUserPaymentDetails(cardNum): GenericSTI_DifferentCardType.ts:Entered'6011111111111117 into CardNum

2020-02-06 17:56:05 - [MESSAGE][PASSED] - Object 'Object Repository/CERTPAY_GENERICSTI/Payment_Information_Page/CARD_NUMBER' is present

[...]
                &lt;/CF&gt;
                &lt;CF Edit=&quot;false&quot; Return=&quot;false&quot;&gt;
                    &lt;CFN&gt;Description&lt;/CFN&gt;
                    &lt;CFV&gt;Speeding Ticket&lt;/CFV&gt;
                    &lt;VP /&gt;
                &lt;/CF&gt;
            &lt;/CFS&gt;
            &lt;FN&gt;Vaishnavi&lt;/FN&gt;
            &lt;MN&gt;K.&lt;/MN&gt;
            &lt;LN&gt;H&lt;/LN&gt;
            &lt;Sufx /&gt;
            &lt;AD1&gt;Address&lt;/AD1&gt;
            &lt;AD2&gt;Apt. A&lt;/AD2&gt;
            &lt;CTY&gt;New York&lt;/CTY&gt;
            &lt;ST&gt;NY&lt;/ST&gt;
            &lt;CNTY&gt;US&lt;/CNTY&gt;
            &lt;Phone&gt;555-1234&lt;/Phone&gt;
            &lt;Postal&gt;10018&lt;/Postal&gt;
        &lt;/CI&gt;
      
    &lt;/Items&gt;
&lt;/Transaction&gt; into XMLContent

2020-02-06 17:58:14 - [MESSAGE][PASSED] - Object 'Object Repository/CERTPAY_GENERICSTI/XML_Page/XML' is present

2020-02-06 17:58:14 - [MESSAGE][PASSED] - Object 'Object Repository/CERTPAY_GENERICSTI/XML_Page/XML' is visible

2020-02-06 17:58:15 - [MESSAGE][PASSED] - Object 'Object Repository/CERTPAY_GENERICSTI/XML_Page/XML' is present

2020-02-06 17:58:25 - [MESSAGE][PASSED] - Text '&lt;?xml version=&quot;1.0&quot; encoding=&quot;utf-8&quot;?&gt;
&lt;Transaction xmlns:xsi=&quot;http://www.w3.org/2001/XMLSchema-instance&quot; xmlns:xsd=&quot;http://www.w3.org/2001/XMLSchema&quot;&gt;
    &lt;BT_ID&gt;123456789&lt;/BT_ID&gt;
    &lt;Protocol&gt;
        &lt;RTU&gt;https://certifiedpayments.net/&lt;/RTU&gt;
        &lt;RLU&gt;https://certifiedpayments.net/&lt;/RLU&gt;
    &lt;/Protocol&gt;
    &lt;Billing&gt;
        &lt;FN Return=&quot;false&quot;&gt;Vaishnavi&lt;/FN&gt;
        &lt;MN Return=&quot;false&quot;&gt;K.&lt;/MN&gt;
        &lt;LN Return=&quot;false&quot;&gt;H&lt;/LN&gt;
        &lt;Sufx Return=&quot;false&quot; /&gt;
        &lt;AD1 Return=&quot;false&quot;&gt;Address&lt;/AD1&gt;
        &lt;AD2 Return=&quot;false&quot;&gt;Apt. A&lt;/AD2&gt;
        &lt;CTY Return=&quot;false&quot;&gt;New York&lt;/CTY&gt;
        &lt;ST Return=&quot;false&quot;&gt;NY&lt;/ST&gt;
        &lt;CNTY Return=&quot;false&quot;&gt;US&lt;/CNTY&gt;
        &lt;Phone Return=&quot;false&quot;&gt;555-1234&lt;/Phone&gt;
        &lt;Postal Return=&quot;false&quot;&gt;10018&lt;/Postal&gt;
        &lt;Email Return=&quot;false&quot;&gt;Test@knila.com&lt;/Email&gt;
    &lt;/Billing&gt;
    &lt;Items&gt;
        &lt;CI&gt;
            &lt;Amount Edit=&quot;true&quot;&gt;20.00&lt;/Amount&gt;
            &lt;BC&gt;6100000&lt;/BC&gt;
            &lt;CFS&gt;
                &lt;CF Edit=&quot;false&quot; Return=&quot;false&quot;&gt;
                    &lt;CFN&gt;Order Number&lt;/CFN&gt;
                    &lt;CFV&gt;123456789&lt;/CFV&gt;
                    &lt;VP&gt;\d{9}&lt;/VP&gt;
                &lt;/CF&gt;
                &lt;CF Edit=&quot;false&quot; Return=&quot;false&quot;&gt;
                    &lt;CFN&gt;Description&lt;/CFN&gt;
                    &lt;CFV&gt;Speeding Ticket&lt;/CFV&gt;
                    &lt;VP /&gt;
                &lt;/CF&gt;
            &lt;/CFS&gt;
            &lt;FN&gt;Vaishnavi&lt;/FN&gt;
            &lt;MN&gt;K.&lt;/MN&gt;
            &lt;LN&gt;H&lt;/LN&gt;
            &lt;Sufx /&gt;
            &lt;AD1&gt;Address&lt;/AD1&gt;
            &lt;AD2&gt;Apt. A&lt;/AD2&gt;
            &lt;CTY&gt;New York&lt;/CTY&gt;
            &lt;ST&gt;NY&lt;/ST&gt;
            &lt;CNTY&gt;US&lt;/CNTY&gt;
            &lt;Phone&gt;555-1234&lt;/Phone&gt;
            &lt;Postal&gt;10018&lt;/Postal&gt;
        &lt;/CI&gt;
      
    &lt;/Items&gt;
&lt;/Transaction&gt;' is set on object 'Object Repository/CERTPAY_GENERICSTI/XML_Page/XML'

2020-02-06 17:58:25 - [MESSAGE][PASSED] - GenericSTI_DifferentCardType.ts:Entered'&lt;?xml version=&quot;1.0&quot; encoding=&quot;utf-8&quot;?&gt;
&lt;Transaction xmlns:xsi=&quot;http://www.w3.org/2001/XMLSchema-instance&quot; xmlns:xsd=&quot;http://www.w3.org/2001/XMLSchema&quot;&gt;
    &lt;BT_ID&gt;123456789&lt;/BT_ID&gt;
    &lt;Protocol&gt;
        &lt;RTU&gt;https://certifiedpayments.net/&lt;/RTU&gt;
        &lt;RLU&gt;https://certifiedpayments.net/&lt;/RLU&gt;
    &lt;/Protocol&gt;
    &lt;Billing&gt;
        &lt;FN Return=&quot;false&quot;&gt;Vaishnavi&lt;/FN&gt;
        &lt;MN Return=&quot;false&quot;&gt;K.&lt;/MN&gt;
        &lt;LN Return=&quot;false&quot;&gt;H&lt;/LN&gt;
        &lt;Sufx Return=&quot;false&quot; /&gt;
        &lt;AD1 Return=&quot;false&quot;&gt;Address&lt;/AD1&gt;
        &lt;AD2 Return=&quot;false&quot;&gt;Apt. A&lt;/AD2&gt;
        &lt;CTY Return=&quot;false&quot;&gt;New York&lt;/CTY&gt;
        &lt;ST Return=&quot;false&quot;&gt;NY&lt;/ST&gt;
        &lt;CNTY Return=&quot;false&quot;&gt;US&lt;/CNTY&gt;
        &lt;Phone Return=&quot;false&quot;&gt;555-1234&lt;/Phone&gt;
        &lt;Postal Return=&quot;false&quot;&gt;10018&lt;/Postal&gt;
        &lt;Email Return=&quot;false&quot;&gt;Test@knila.com&lt;/Email&gt;
    &lt;/Billing&gt;
    &lt;Items&gt;
        &lt;CI&gt;
            &lt;Amount Edit=&quot;true&quot;&gt;20.00&lt;/Amount&gt;
            &lt;BC&gt;6100000&lt;/BC&gt;
            &lt;CFS&gt;
                &lt;CF Edit=&quot;false&quot; Return=&quot;false&quot;&gt;
                    &lt;CFN&gt;Order Number&lt;/CFN&gt;
                    &lt;CFV&gt;123456789&lt;/CFV&gt;
                    &lt;VP&gt;\d{9}&lt;/VP&gt;
                &lt;/CF&gt;
                &lt;CF Edit=&quot;false&quot; Return=&quot;false&quot;&gt;
                    &lt;CFN&gt;Description&lt;/CFN&gt;
                    &lt;CFV&gt;Speeding Ticket&lt;/CFV&gt;
                    &lt;VP /&gt;
                &lt;/CF&gt;
            &lt;/CFS&gt;
            &lt;FN&gt;Vaishnavi&lt;/FN&gt;
            &lt;MN&gt;K.&lt;/MN&gt;
            &lt;LN&gt;H&lt;/LN&gt;
            &lt;Sufx /&gt;
            &lt;AD1&gt;Address&lt;/AD1&gt;
            &lt;AD2&gt;Apt. A&lt;/AD2&gt;
            &lt;CTY&gt;New York&lt;/CTY&gt;
            &lt;ST&gt;NY&lt;/ST&gt;
            &lt;CNTY&gt;US&lt;/CNTY&gt;
            &lt;Phone&gt;555-1234&lt;/Phone&gt;
            &lt;Postal&gt;10018&lt;/Postal&gt;
        &lt;/CI&gt;
      
    &lt;/Items&gt;
&lt;/Transaction&gt; into XMLContent

2020-02-06 17:58:25 - [TEST_STEP][PASSED] - utilities.SafeActions.safeClick(findTestObject("CERTPAY_GENERICSTI/XML_Page/SUBMIT"), "Submit XML", [pageLoadTime]): GenericSTI_DifferentCardType.ts:Clicked on the Submit XML

2020-02-06 17:58:25 - [MESSAGE][INFO] - safeClicking

2020-02-06 17:58:26 - [MESSAGE][PASSED] - Object 'Object Repository/CERTPAY_GENERICSTI/XML_Page/SUBMIT' is present

2020-02-06 17:58:26 - [MESSAGE][PASSED] - Object 'Object Repository/CERTPAY_GENERICSTI/XML_Page/SUBMIT' is clickable

2020-02-06 17:58:31 - [MESSAGE][PASSED] - Object: 'Object Repository/CERTPAY_GENERICSTI/XML_Page/SUBMIT' is clicked on

2020-02-06 17:58:31 - [MESSAGE][PASSED] - GenericSTI_DifferentCardType.ts:Clicked on the Submit XML

2020-02-06 17:58:31 - [TEST_STEP][PASSED] - if (cardType == "Visa"): null

2020-02-06 17:58:31 - [TEST_STEP][PASSED] - else if (cardType == "MasterCard"): null

2020-02-06 17:58:31 - [TEST_STEP][PASSED] - else if (cardType == "AmericanExpress"): null

2020-02-06 17:58:31 - [TEST_STEP][PASSED] - else if (cardType == "Discover"): null

2020-02-06 17:58:31 - [TEST_STEP][PASSED] - else if (cardType == "Echeck"): GenericSTI_DifferentCardType.ts:Clicked on the Echeck

2020-02-06 17:58:31 - [TEST_STEP][PASSED] - utilities.SafeActions.safeClick(findTestObject("CERTPAY_GENERICSTI/Payment_Information_Page/ECHECK"), "Echeck", [pageLoadTime]): GenericSTI_DifferentCardType.ts:Clicked on the Echeck

2020-02-06 17:58:31 - [MESSAGE][INFO] - safeClicking

2020-02-06 17:58:32 - [MESSAGE][PASSED] - Object 'Object Repository/CERTPAY_GENERICSTI/Payment_Information_Page/ECHECK' is present

2020-02-06 17:58:33 - [MESSAGE][PASSED] - Object 'Object Repository/CERTPAY_GENERICSTI/Payment_Information_Page/ECHECK' is clickable

2020-02-06 17:58:38 - [MESSAGE][PASSED] - Object: 'Object Repository/CERTPAY_GENERICSTI/Payment_Information_Page/ECHECK' is clicked on

2020-02-06 17:58:38 - [MESSAGE][PASSED] - GenericSTI_DifferentCardType.ts:Clicked on the Echeck

2020-02-06 17:58:38 - [TEST_STEP][PASSED] - utilities.SafeActions.safeType(findTestObject("CERTPAY_GENERICSTI/Payment_Information_Page/COMMENTS"), "Testing", "Comments", [pageLoadTime]): GenericSTI_DifferentCardType.ts:Entered'Testing into Comments

2020-02-06 17:58:38 - [MESSAGE][PASSED] - Object 'Object Repository/CERTPAY_GENERICSTI/Payment_Information_Page/COMMENTS' is present

2020-02-06 17:58:38 - [MESSAGE][PASSED] - Object 'Object Repository/CERTPAY_GENERICSTI/Payment_Information_Page/COMMENTS' is visible

2020-02-06 17:58:39 - [MESSAGE][PASSED] - Object 'Object Repository/CERTPAY_GENERICSTI/Payment_Information_Page/COMMENTS' is present

2020-02-06 17:58:40 - [MESSAGE][PASSED] - Text 'Testing' is set on object 'Object Repository/CERTPAY_GENERICSTI/Payment_Information_Page/COMMENTS'

2020-02-06 17:58:40 - [MESSAGE][PASSED] - GenericSTI_DifferentCardType.ts:Entered'Testing into Comments

2020-02-06 17:58:40 - [TEST_STEP][PASSED] - if (cardType == "Echeck"): GenericSTI_DifferentCardType.ts:Clicked on the Accept

2020-02-06 17:58:40 - [TEST_STEP][PASSED] - if (AccountType == "Checking"): null

2020-02-06 17:58:40 - [TEST_STEP][PASSED] - else if (AccountType == "Savings"): GenericSTI_DifferentCardType.ts:Clicked on the Echeck Savings

2020-02-06 17:58:40 - [TEST_STEP][PASSED] - utilities.SafeActions.safeClick(findTestObject("CERTPAY_GENERICSTI/Payment_Information_Page/ECHECK_SAVINGS"), "Echeck Savings", [pageLoadTime]): GenericSTI_DifferentCardType.ts:Clicked on the Echeck Savings

2020-02-06 17:58:40 - [MESSAGE][INFO] - safeClicking

2020-02-06 17:58:41 - [MESSAGE][PASSED] - Object 'Object Repository/CERTPAY_GENERICSTI/Payment_Information_Page/ECHECK_SAVINGS' is present

2020-02-06 17:58:41 - [MESSAGE][PASSED] - Object 'Object Repository/CERTPAY_GENERICSTI/Payment_Information_Page/ECHECK_SAVINGS' is clickable

2020-02-06 17:58:42 - [MESSAGE][PASSED] - Object: 'Object Repository/CERTPAY_GENERICSTI/Payment_Information_Page/ECHECK_SAVINGS' is clicked on

2020-02-06 17:58:42 - [MESSAGE][PASSED] - GenericSTI_DifferentCardType.ts:Clicked on the Echeck Savings

2020-02-06 17:58:42 - [TEST_STEP][PASSED] - utilities.SafeActions.safeType(findTestObject("CERTPAY_GENERICSTI/Payment_Information_Page/ROUTING_NUMBER"), RoutingNumber, "Routing Number", [pageLoadTime]): GenericSTI_DifferentCardType.ts:Entered'042000013 into Routing Number

2020-02-06 17:58:43 - [MESSAGE][PASSED] - Object 'Object Repository/CERTPAY_GENERICSTI/Payment_Information_Page/ROUTING_NUMBER' is present

2020-02-06 17:58:43 - [MESSAGE][PASSED] - Object 'Object Repository/CERTPAY_GENERICSTI/Payment_Information_Page/ROUTING_NUMBER' is visible

2020-02-06 17:58:43 - [MESSAGE][PASSED] - Object 'Object Repository/CERTPAY_GENERICSTI/Payment_Information_Page/ROUTING_NUMBER' is present

2020-02-06 17:58:45 - [MESSAGE][PASSED] - Text '042000013' is set on object 'Object Repository/CERTPAY_GENERICSTI/Payment_Information_Page/ROUTING_NUMBER'

2020-02-06 17:58:45 - [MESSAGE][PASSED] - GenericSTI_DifferentCardType.ts:Entered'042000013 into Routing Number

2020-02-06 17:58:45 - [TEST_STEP][PASSED] - sendKeys(findTestObject("CERTPAY_GENERICSTI/Payment_Information_Page/BANK_NAME"), Keys.chord(TAB)): Keys 'TAB + ' sent to object: 'Object Repository/CERTPAY_GENERICSTI/Payment_Information_Page/BANK_NAME'

2020-02-06 17:58:45 - [MESSAGE][PASSED] - Keys 'TAB + ' sent to object: 'Object Repository/CERTPAY_GENERICSTI/Payment_Information_Page/BANK_NAME'

2020-02-06 17:58:45 - [TEST_STEP][PASSED] - utilities.SafeActions.safeType(findTestObject("CERTPAY_GENERICSTI/Payment_Information_Page/ACCOUNT_NUMBER"), AccountNumber, "Account Number", [pageLoadTime]): GenericSTI_DifferentCardType.ts:Entered'123456 into Account Number

2020-02-06 17:58:47 - [MESSAGE][PASSED] - Object 'Object Repository/CERTPAY_GENERICSTI/Payment_Information_Page/ACCOUNT_NUMBER' is present

2020-02-06 17:58:47 - [MESSAGE][PASSED] - Object 'Object Repository/CERTPAY_GENERICSTI/Payment_Information_Page/ACCOUNT_NUMBER' is visible

2020-02-06 17:58:47 - [MESSAGE][PASSED] - Object 'Object Repository/CERTPAY_GENERICSTI/Payment_Information_Page/ACCOUNT_NUMBER' is present

2020-02-06 17:58:49 - [MESSAGE][PASSED] - Text '123456' is set on object 'Object Repository/CERTPAY_GENERICSTI/Payment_Information_Page/ACCOUNT_NUMBER'

2020-02-06 17:58:49 - [MESSAGE][PASSED] - GenericSTI_DifferentCardType.ts:Entered'123456 into Account Number

2020-02-06 17:58:49 - [TEST_STEP][PASSED] - utilities.SafeActions.safeType(findTestObject("CERTPAY_GENERICSTI/Payment_Information_Page/CONFIRM_ACCOUNT_NUMBER"), ConfirmAccountNumber, "ConfirmAccountNumber", [pageLoadTime]): GenericSTI_DifferentCardType.ts:Entered'123456 into ConfirmAccountNumber

2020-02-06 17:58:49 - [MESSAGE][PASSED] - Object 'Object Repository/CERTPAY_GENERICSTI/Payment_Information_Page/CONFIRM_ACCOUNT_NUMBER' is present

2020-02-06 17:58:49 - [MESSAGE][PASSED] - Object 'Object Repository/CERTPAY_GENERICSTI/Payment_Information_Page/CONFIRM_ACCOUNT_NUMBER' is visible

2020-02-06 17:58:49 - [MESSAGE][PASSED] - Object 'Object Repository/CERTPAY_GENERICSTI/Payment_Information_Page/CONFIRM_ACCOUNT_NUMBER' is present

2020-02-06 17:58:51 - [MESSAGE][PASSED] - Text '123456' is set on object 'Object Repository/CERTPAY_GENERICSTI/Payment_Information_Page/CONFIRM_ACCOUNT_NUMBER'

2020-02-06 17:58:51 - [MESSAGE][PASSED] - GenericSTI_DifferentCardType.ts:Entered'123456 into ConfirmAccountNumber

2020-02-06 17:58:51 - [TEST_STEP][PASSED] - utilities.SafeActions.safeType(findTestObject("CERTPAY_GENERICSTI/Payment_Information_Page/SIGNATURE"), Signature, "Signature", [pageLoadTime]): GenericSTI_DifferentCardType.ts:Entered'Valarmathi into Signature

2020-02-06 17:58:51 - [MESSAGE][PASSED] - Object 'Object Repository/CERTPAY_GENERICSTI/Payment_Information_Page/SIGNATURE' is present

2020-02-06 17:58:52 - [MESSAGE][PASSED] - Object 'Object Repository/CERTPAY_GENERICSTI/Payment_Information_Page/SIGNATURE' is visible

2020-02-06 17:58:52 - [MESSAGE][PASSED] - Object 'Object Repository/CERTPAY_GENERICSTI/Payment_Information_Page/SIGNATURE' is present

2020-02-06 17:58:53 - [MESSAGE][PASSED] - Text 'Valarmathi' is set on object 'Object Repository/CERTPAY_GENERICSTI/Payment_Information_Page/SIGNATURE'

2020-02-06 17:58:53 - [MESSAGE][PASSED] - GenericSTI_DifferentCardType.ts:Entered'Valarmathi into Signature

2020-02-06 17:58:53 - [TEST_STEP][PASSED] - utilities.SafeActions.safeType(findTestObject("CERTPAY_GENERICSTI/Payment_Information_Page/AGREEMENT"), Agreement, "Agreement", [pageLoadTime]): GenericSTI_DifferentCardType.ts:Entered'Yes into Agreement

2020-02-06 17:58:54 - [MESSAGE][PASSED] - Object 'Object Repository/CERTPAY_GENERICSTI/Payment_Information_Page/AGREEMENT' is present

2020-02-06 17:58:54 - [MESSAGE][PASSED] - Object 'Object Repository/CERTPAY_GENERICSTI/Payment_Information_Page/AGREEMENT' is visible

2020-02-06 17:58:54 - [MESSAGE][PASSED] - Object 'Object Repository/CERTPAY_GENERICSTI/Payment_Information_Page/AGREEMENT' is present

2020-02-06 17:58:56 - [MESSAGE][PASSED] - Text 'Yes' is set on object 'Object Repository/CERTPAY_GENERICSTI/Payment_Information_Page/AGREEMENT'

2020-02-06 17:58:56 - [MESSAGE][PASSED] - GenericSTI_DifferentCardType.ts:Entered'Yes into Agreement

2020-02-06 17:58:56 - [TEST_STEP][PASSED] - utilities.SafeActions.safeClick(findTestObject("CERTPAY_GENERICSTI/Payment_Information_Page/ECHECK_NEXT"), "Next", [pageLoadTime]): GenericSTI_DifferentCardType.ts:Clicked on the Next

2020-02-06 17:58:56 - [MESSAGE][INFO] - safeClicking

2020-02-06 17:58:56 - [MESSAGE][PASSED] - Object 'Object Repository/CERTPAY_GENERICSTI/Payment_Information_Page/ECHECK_NEXT' is present

2020-02-06 17:58:56 - [MESSAGE][PASSED] - Object 'Object Repository/CERTPAY_GENERICSTI/Payment_Information_Page/ECHECK_NEXT' is clickable

2020-02-06 17:58:57 - [MESSAGE][PASSED] - Object: 'Object Repository/CERTPAY_GENERICSTI/Payment_Information_Page/ECHECK_NEXT' is clicked on

2020-02-06 17:58:57 - [MESSAGE][PASSED] - GenericSTI_DifferentCardType.ts:Clicked on the Next

2020-02-06 17:58:57 - [TEST_STEP][PASSED] - utilities.SafeActions.safeClick(findTestObject("CERTPAY_GENERICSTI/Confirm_Payment_Page/ECHECK_ACCEPT"), "Accept", [pageLoadTime]): GenericSTI_DifferentCardType.ts:Clicked on the Accept

2020-02-06 17:58:58 - [MESSAGE][INFO] - safeClicking

2020-02-06 17:58:58 - [MESSAGE][PASSED] - Object 'Object Repository/CERTPAY_GENERICSTI/Confirm_Payment_Page/ECHECK_ACCEPT' is present

2020-02-06 17:58:58 - [MESSAGE][PASSED] - Object 'Object Repository/CERTPAY_GENERICSTI/Confirm_Payment_Page/ECHECK_ACCEPT' is clickable

2020-02-06 17:59:02 - [MESSAGE][PASSED] - Object: 'Object Repository/CERTPAY_GENERICSTI/Confirm_Payment_Page/ECHECK_ACCEPT' is clicked on

2020-02-06 17:59:02 - [MESSAGE][PASSED] - GenericSTI_DifferentCardType.ts:Clicked on the Accept

2020-02-06 17:59:02 - [TEST_STEP][PASSED] - utilities.SafeActions.safeClick(findTestObject("CERTPAY_GENERICSTI/Review_Payment_Page/PROCESS_PAYMENT"), "Process payment", [pageLoadTime]): GenericSTI_DifferentCardType.ts:Clicked on the Process payment

2020-02-06 17:59:02 - [MESSAGE][INFO] - safeClicking

2020-02-06 17:59:03 - [MESSAGE][PASSED] - Object 'Object Repository/CERTPAY_GENERICSTI/Review_Payment_Page/PROCESS_PAYMENT' is present

2020-02-06 17:59:03 - [MESSAGE][PASSED] - Object 'Object Repository/CERTPAY_GENERICSTI/Review_Payment_Page/PROCESS_PAYMENT' is clickable

2020-02-06 17:59:05 - [MESSAGE][PASSED] - Object: 'Object Repository/CERTPAY_GENERICSTI/Review_Payment_Page/PROCESS_PAYMENT' is clicked on

2020-02-06 17:59:05 - [MESSAGE][PASSED] - GenericSTI_DifferentCardType.ts:Clicked on the Process payment

2020-02-06 17:59:05 - [TEST_STEP][PASSED] - utilities.SafeActions.safeClick(findTestObject("CERTPAY_GENERICSTI/Confirm_Payment_Page/CONFIRM_YES"), "Confirm Yes", [pageLoadTime]): GenericSTI_DifferentCardType.ts:Clicked on the Confirm Yes

2020-02-06 17:59:05 - [MESSAGE][INFO] - safeClicking

2020-02-06 17:59:05 - [MESSAGE][PASSED] - Object 'Object Repository/CERTPAY_GENERICSTI/Confirm_Payment_Page/CONFIRM_YES' is present

2020-02-06 17:59:06 - [MESSAGE][PASSED] - Object 'Object Repository/CERTPAY_GENERICSTI/Confirm_Payment_Page/CONFIRM_YES' is clickable

2020-02-06 17:59:09 - [MESSAGE][PASSED] - Object: 'Object Repository/CERTPAY_GENERICSTI/Confirm_Payment_Page/CONFIRM_YES' is clicked on

2020-02-06 17:59:09 - [MESSAGE][PASSED] - GenericSTI_DifferentCardType.ts:Clicked on the Confirm Yes

2020-02-06 17:59:09 - [TEST_STEP][PASSED] - utilities.SafeActions.safeClick(findTestObject("CERTPAY_GENERICSTI/Payment_Details_Verification_Page/NEXT"), "Next", [pageLoadTime]): GenericSTI_DifferentCardType.ts:Clicked on the Next

2020-02-06 17:59:09 - [MESSAGE][INFO] - safeClicking

2020-02-06 17:59:10 - [MESSAGE][PASSED] - Object 'Object Repository/CERTPAY_GENERICSTI/Payment_Details_Verification_Page/NEXT' is present

2020-02-06 17:59:10 - [MESSAGE][PASSED] - Object 'Object Repository/CERTPAY_GENERICSTI/Payment_Details_Verification_Page/NEXT' is clickable

2020-02-06 17:59:16 - [MESSAGE][PASSED] - Object: 'Object Repository/CERTPAY_GENERICSTI/Payment_Details_Verification_Page/NEXT' is clicked on

2020-02-06 17:59:16 - [MESSAGE][PASSED] - GenericSTI_DifferentCardType.ts:Clicked on the Next]]></system-out>
         <system-err><![CDATA[]]></system-err>
      </testcase>
      <system-out><![CDATA[2020-02-06 17:51:17 - [TEST_SUITE][PASSED] - GenericSTI_DifferentCardType: Test Cases/Certpay_GenericSTI/TC_001_SingleLinePayments]]></system-out>
      <system-err><![CDATA[]]></system-err>
   </testsuite>
</testsuites>
